Running 480 GTE tests...
PASS: 20000112-1
PASS: 20000801-3
PASS: 20000808-1
PASS: 20000819-1
COMPILE FAIL: 20000822-1
PASS: 20000910-1
PASS: 20000917-1
PASS: 20001009-2
PASS: 20001111-1
PASS: 20001229-1
PASS: 20010116-1
PASS: 20010119-1
LINK FAIL: 20010122-1
PASS: 20010206-1
COMPILE FAIL: 20010325-1
PASS: 20010329-1
PASS: 20010518-2
COMPILE FAIL: 20010605-1
PASS: 20010904-1
PASS: 20010904-2
PASS: 20011115-1
PASS: 20011121-1
PASS: 20020107-1
COMPILE FAIL: 20020108-1
PASS: 20020206-2
COMPILE FAIL: 20020320-1
COMPILE FAIL: 20020412-1
PASS: 20020418-1
PASS: 20021113-1
PASS: 20030109-1
COMPILE FAIL: 20030224-2
PASS: 20030323-1
PASS: 20030330-1
PASS: 20030404-1
COMPILE FAIL: 20030501-1
PASS: 20030821-1
COMPILE FAIL: 20030920-1
PASS: 20030928-1
PASS: 20031201-1
PASS: 20040223-1
PASS: 20040302-1
PASS: 20040307-1
COMPILE FAIL: 20040308-1
PASS: 20040409-1w
PASS: 20040409-2w
PASS: 20040409-3w
COMPILE FAIL: 20040520-1
PASS: 20040625-1
PASS: 20040629-1
COMPILE FAIL: 20040703-1
COMPILE FAIL: 20040709-3
PASS: 20040805-1
PASS: 20040811-1
COMPILE FAIL: 20041124-1
COMPILE FAIL: 20041201-1
COMPILE FAIL: 20041214-1
LINK FAIL: 20041218-1
COMPILE FAIL: 20041218-2
PASS: 20050107-1
PASS: 20050119-1
PASS: 20050119-2
PASS: 20050203-1
PASS: 20051012-1
PASS: 20061031-1
PASS: 20061101-1
COMPILE FAIL: 20061220-1
PASS: 20070424-1
COMPILE FAIL: 20070614-1
PASS: 20070824-1
COMPILE FAIL: 20070919-1
PASS: 20071018-1
COMPILE FAIL: 20071029-1
COMPILE FAIL: 20071120-1
PASS: 20071220-1
PASS: 20071220-2
COMPILE FAIL: 20080122-1
PASS: 20080222-1
PASS: 20080813-1
PASS: 20081218-1
COMPILE FAIL: 20090113-2
COMPILE FAIL: 20090113-3
COMPILE FAIL: 20090219-1
PASS: 20111212-1
PASS: 20120105-1
PASS: 20191023-1
COMPILE FAIL: 20210505-1
PASS: 900409-1
PASS: 920302-1
PASS: 920410-1
COMPILE FAIL: 920415-1
COMPILE FAIL: 920428-2
PASS: 920501-3
PASS: 920501-4
PASS: 920501-5
COMPILE FAIL: 920612-2
COMPILE FAIL: 920721-4
COMPILE FAIL: 920728-1
PASS: 920908-2
PASS: 921007-1
COMPILE FAIL: 921017-1
COMPILE FAIL: 921110-1
PASS: 921204-1
COMPILE FAIL: 921215-1
PASS: 930621-1
PASS: 930630-1
COMPILE FAIL: 930930-1
COMPILE FAIL: 931002-1
COMPILE FAIL: 931004-12
PASS: 931031-1
PASS: 931228-1
PASS: 940115-1
COMPILE FAIL: 941202-1
PASS: 950426-2
PASS: 950906-1
PASS: 951204-1
PASS: 960117-1
PASS: 960209-1
PASS: 960312-1
PASS: 960802-1
COMPILE FAIL: 970214-1
COMPILE FAIL: 970214-2
COMPILE FAIL: 970217-1
PASS: 970923-1
COMPILE FAIL: 980526-1
PASS: 980526-2
PASS: 980602-2
PASS: 980608-1
PASS: 990130-1
PASS: 990208-1
PASS: 990324-1
COMPILE FAIL: 990326-1
PASS: 990923-1
PASS: 991014-1
PASS: 991201-1
PASS: 991202-3
PASS: 991221-1
PASS: alias-2
PASS: alias-3
COMPILE FAIL: alias-4
COMPILE FAIL: alias-access-path-1
PASS: alias-access-path-2
PASS: align-1
PASS: align-3
COMPILE FAIL: align-nest
COMPILE FAIL: alloca-1
COMPILE FAIL: bcp-1
PASS: bitfld-10
PASS: bitfld-2
PASS: bitfld-4
COMPILE FAIL: bitfld-6
COMPILE FAIL: bitfld-7
PASS: bitfld-8
PASS: bitfld-9
PASS: bswap-3
PASS: built-in-setjmp
PASS: builtin-constant
PASS: builtin-prefetch-1
COMPILE FAIL: builtin-prefetch-2
COMPILE FAIL: builtin-prefetch-3
LINK FAIL: builtin-prefetch-4
PASS: builtin-prefetch-5
COMPILE FAIL: builtin-prefetch-6
COMPILE FAIL: call-trap-1
PASS: cmpsi-2
PASS: compndlit-1
COMPILE FAIL: eeprof-1
PASS: extzvsi
COMPILE FAIL: ffs-1
PASS: ffs-2
COMPILE FAIL: fprintf-chk-1
PASS: frame-address
PASS: loop-2b
COMPILE FAIL: loop-2f
COMPILE FAIL: loop-2g
PASS: loop-4
PASS: loop-4b
PASS: loop-ivopts-2
PASS: mayalias-1
PASS: mayalias-2
PASS: mayalias-3
PASS: medce-1
PASS: memset-4
COMPILE FAIL: nest-align-1
COMPILE FAIL: nestfunc-1
COMPILE FAIL: nestfunc-2
COMPILE FAIL: nestfunc-3
COMPILE FAIL: nestfunc-5
COMPILE FAIL: nestfunc-6
COMPILE FAIL: nestfunc-7
PASS: pr100453
COMPILE FAIL: pr101335
PASS: pr103052
COMPILE FAIL: pr103209
COMPILE FAIL: pr103255
COMPILE FAIL: pr103417
PASS: pr10352-1
PASS: pr104196
COMPILE FAIL: pr104604
PASS: pr17133
PASS: pr17252
PASS: pr17377
PASS: pr19449
COMPILE FAIL: pr19515
PASS: pr19687
COMPILE FAIL: pr19689
COMPILE FAIL: pr20621-1
PASS: pr21173
PASS: pr21964-1
COMPILE FAIL: pr22061-1
COMPILE FAIL: pr22061-2
COMPILE FAIL: pr22061-3
COMPILE FAIL: pr22061-4
COMPILE FAIL: pr22098-1
COMPILE FAIL: pr22098-2
COMPILE FAIL: pr22098-3
COMPILE FAIL: pr22141-1
COMPILE FAIL: pr22141-2
PASS: pr22429
PASS: pr22493-1
PASS: pr23047
PASS: pr23467
COMPILE FAIL: pr24135
PASS: pr24851
PASS: pr25125
PASS: pr27364
COMPILE FAIL: pr28289
PASS: pr28778
COMPILE FAIL: pr28865
PASS: pr29797-1
PASS: pr29797-2
COMPILE FAIL: pr30778
COMPILE FAIL: pr31072
COMPILE FAIL: pr31448-2
COMPILE FAIL: pr31448
PASS: pr31605
COMPILE FAIL: pr32500
PASS: pr33631
PASS: pr34099-2
PASS: pr34099
PASS: pr34130
PASS: pr34768-1
PASS: pr34768-2
PASS: pr34982
COMPILE FAIL: pr35163
PASS: pr35472
PASS: pr36077
PASS: pr36321
PASS: pr36339
PASS: pr36765
COMPILE FAIL: pr37573
PASS: pr37780
COMPILE FAIL: pr38048-2
COMPILE FAIL: pr38051
COMPILE FAIL: pr38151
PASS: pr38533
PASS: pr38819
PASS: pr40022
COMPILE FAIL: pr40404
PASS: pr40493
PASS: pr40579
PASS: pr40668
PASS: pr41917
PASS: pr41919
COMPILE FAIL: pr41935
PASS: pr42154
COMPILE FAIL: pr42231
PASS: pr42570
PASS: pr43220
PASS: pr43385
PASS: pr43560
PASS: pr43629
PASS: pr43784
PASS: pr43835
COMPILE FAIL: pr43987
COMPILE FAIL: pr44164
PASS: pr44828
PASS: pr44852
COMPILE FAIL: pr45070
PASS: pr45262
PASS: pr45695
PASS: pr46309
PASS: pr47237
PASS: pr47925
PASS: pr48197
PASS: pr48571-1
PASS: pr48814-1
PASS: pr48814-2
COMPILE FAIL: pr49279
COMPILE FAIL: pr49390
PASS: pr49712
PASS: pr49886
PASS: pr51023
PASS: pr51323
COMPILE FAIL: pr51447
COMPILE FAIL: pr51877
PASS: pr51933
PASS: pr52129
PASS: pr52209
PASS: pr52286
PASS: pr52760
COMPILE FAIL: pr52979-1
COMPILE FAIL: pr52979-2
PASS: pr53084
PASS: pr53160
PASS: pr53465
RUN FAIL (timeout): pr53645-2
PASS: pr53645
PASS: pr53688
COMPILE FAIL: pr54937
COMPILE FAIL: pr54985
PASS: pr55137
COMPILE FAIL: pr55750
PASS: pr55875
PASS: pr56250
PASS: pr56799
COMPILE FAIL: pr56837
PASS: pr56899
COMPILE FAIL: pr56982
COMPILE FAIL: pr57124
COMPILE FAIL: pr57130
PASS: pr57321
COMPILE FAIL: pr57344-1
COMPILE FAIL: pr57344-2
PASS: pr57568
PASS: pr57829
PASS: pr57860
PASS: pr57861
PASS: pr57875
PASS: pr58209
PASS: pr58277-1
PASS: pr58277-2
PASS: pr58364
PASS: pr58365
PASS: pr58385
PASS: pr58387
PASS: pr58419
PASS: pr58431
COMPILE FAIL: pr58564
COMPILE FAIL: pr58570
PASS: pr58640-2
PASS: pr58640
COMPILE FAIL: pr58662
PASS: pr58726
PASS: pr58831
PASS: pr58943
COMPILE FAIL: pr58984
PASS: pr59014
PASS: pr59101
PASS: pr59221
PASS: pr59229
PASS: pr59358
PASS: pr59387
PASS: pr59388
PASS: pr59413
PASS: pr60960
PASS: pr61725
PASS: pr64006
COMPILE FAIL: pr64242
PASS: pr65053-1
PASS: pr65053-2
COMPILE FAIL: pr65215-5
COMPILE FAIL: pr65369
PASS: pr65401
PASS: pr65427
PASS: pr66556
COMPILE FAIL: pr67037
PASS: pr67781
COMPILE FAIL: pr68249
PASS: pr68328
PASS: pr68381
PASS: pr68648
PASS: pr69320-2
LINK FAIL: pr69691
PASS: pr70222-1
PASS: pr70460
COMPILE FAIL: pr70602
COMPILE FAIL: pr71083
COMPILE FAIL: pr71494
COMPILE FAIL: pr71550
PASS: pr71554
PASS: pr71626-1
PASS: pr71626-2
PASS: pr7284-1
COMPILE FAIL: pr78170
COMPILE FAIL: pr78436
PASS: pr78438
COMPILE FAIL: pr78477
PASS: pr78726
PASS: pr79327
COMPILE FAIL: pr79737-1
COMPILE FAIL: pr79737-2
PASS: pr80421
COMPILE FAIL: pr80692
PASS: pr81281
COMPILE FAIL: pr82210
PASS: pr82524
PASS: pr82954
PASS: pr84339
COMPILE FAIL: pr84478
PASS: pr84521
PASS: pr84524
PASS: pr85095
PASS: pr85156
PASS: pr85169
PASS: pr85756
PASS: pr86492
PASS: pr86528
PASS: pr86844
COMPILE FAIL: pr87623
PASS: pr88739
COMPILE FAIL: pr88904
COMPILE FAIL: pr89195
PASS: pr90025
COMPILE FAIL: pr91597
PASS: pr91632
PASS: pr91635
PASS: pr92140
COMPILE FAIL: pr93213
PASS: pr93249
PASS: pr93582
PASS: pr93744-1
PASS: pr93744-2
PASS: pr93744-3
COMPILE FAIL: pr93908
COMPILE FAIL: pr93945
PASS: pr94130
PASS: pr94134
PASS: pr94412
PASS: pr94524-1
PASS: pr94524-2
PASS: pr94567
PASS: pr94591
COMPILE FAIL: pr94724
PASS: pr94734
PASS: pr96549
PASS: pr97404
PASS: pr97421-1
PASS: pr97421-2
PASS: pr97421-3
PASS: pr97695
COMPILE FAIL: pr97764
PASS: pr97836
PASS: pr97888-1
PASS: pr97888-2
COMPILE FAIL: pr98366
PASS: pr98681
PASS: pr98727
PASS: pr98736
PASS: pr99751
COMPILE FAIL: printf-chk-1
PASS: pushpop_macro
COMPILE FAIL: return-addr
COMPILE FAIL: scal-to-vec2
PASS: simd-1
PASS: simd-2
COMPILE FAIL: simd-4
PASS: simd-5
PASS: simd-6
COMPILE FAIL: stkalign
PASS: strcpy-2
PASS: strct-pack-2
PASS: strct-pack-3
PASS: strct-pack-4
COMPILE FAIL: strlen-5
COMPILE FAIL: strlen-6
COMPILE FAIL: strlen-7
PASS: struct-ret-2
PASS: usmul
COMPILE FAIL: va-arg-22
COMPILE FAIL: vfprintf-1
COMPILE FAIL: vfprintf-chk-1
PASS: vprintf-1
PASS: vprintf-chk-1
COMPILE FAIL: vrp-5
COMPILE FAIL: vrp-6
COMPILE FAIL: widechar-3
PASS: zero-struct-1
PASS: zero-struct-2
COMPILE FAIL: zerolen-1
COMPILE FAIL: zerolen-2

Summary:
Total: 480
Passed: 310
Failed Compile: 165
Failed Link: 4
Failed Run: 1
