Running 480 GTE tests...
PASS: 20000112-1
PASS: 20000801-3
PASS: 20000808-1
PASS: 20000819-1
PASS: 20000822-1
PASS: 20000910-1
PASS: 20000917-1
PASS: 20001009-2
PASS: 20001111-1
PASS: 20001229-1
PASS: 20010116-1
PASS: 20010119-1
COMPILE FAIL: 20010122-1
PASS: 20010206-1
COMPILE FAIL: 20010325-1
PASS: 20010329-1
PASS: 20010518-2
PASS: 20010605-1
PASS: 20010904-1
PASS: 20010904-2
PASS: 20011115-1
PASS: 20011121-1
PASS: 20020107-1
COMPILE FAIL: 20020108-1
PASS: 20020206-2
COMPILE FAIL: 20020320-1
COMPILE FAIL: 20020412-1
PASS: 20020418-1
PASS: 20021113-1
PASS: 20030109-1
COMPILE FAIL: 20030224-2
PASS: 20030323-1
PASS: 20030330-1
PASS: 20030404-1
PASS: 20030501-1
PASS: 20030821-1
COMPILE FAIL: 20030920-1
PASS: 20030928-1
PASS: 20031201-1
PASS: 20040223-1
PASS: 20040302-1
PASS: 20040307-1
COMPILE FAIL: 20040308-1
PASS: 20040409-1w
PASS: 20040409-2w
PASS: 20040409-3w
PASS: 20040520-1
COMPILE FAIL: 20040625-1
PASS: 20040629-1
COMPILE FAIL: 20040703-1
COMPILE FAIL: 20040709-3
PASS: 20040805-1
COMPILE FAIL: 20040811-1
COMPILE FAIL: 20041124-1
COMPILE FAIL: 20041201-1
COMPILE FAIL: 20041214-1
PASS: 20041218-1
COMPILE FAIL: 20041218-2
PASS: 20050107-1
PASS: 20050119-1
PASS: 20050119-2
PASS: 20050203-1
PASS: 20051012-1
PASS: 20061031-1
PASS: 20061101-1
PASS: 20061220-1
PASS: 20070424-1
COMPILE FAIL: 20070614-1
PASS: 20070824-1
COMPILE FAIL: 20070919-1
PASS: 20071018-1
COMPILE FAIL: 20071029-1
COMPILE FAIL: 20071120-1
PASS: 20071220-1
PASS: 20071220-2
COMPILE FAIL: 20080122-1
PASS: 20080222-1
PASS: 20080813-1
PASS: 20081218-1
COMPILE FAIL: 20090113-2
COMPILE FAIL: 20090113-3
PASS: 20090219-1
COMPILE FAIL: 20111212-1
COMPILE FAIL: 20120105-1
PASS: 20191023-1
COMPILE FAIL: 20210505-1
PASS: 900409-1
COMPILE FAIL: 920302-1
PASS: 920410-1
COMPILE FAIL: 920415-1
COMPILE FAIL: 920428-2
PASS: 920501-3
PASS: 920501-4
PASS: 920501-5
COMPILE FAIL: 920612-2
COMPILE FAIL: 920721-4
COMPILE FAIL: 920728-1
PASS: 920908-2
PASS: 921007-1
PASS: 921017-1
COMPILE FAIL: 921110-1
PASS: 921204-1
COMPILE FAIL: 921215-1
PASS: 930621-1
PASS: 930630-1
COMPILE FAIL: 930930-1
LINK FAIL: 931002-1
COMPILE FAIL: 931004-12
PASS: 931031-1
PASS: 931228-1
PASS: 940115-1
COMPILE FAIL: 941202-1
PASS: 950426-2
PASS: 950906-1
PASS: 951204-1
COMPILE FAIL: 960117-1
PASS: 960209-1
PASS: 960312-1
PASS: 960802-1
COMPILE FAIL: 970214-1
COMPILE FAIL: 970214-2
COMPILE FAIL: 970217-1
PASS: 970923-1
COMPILE FAIL: 980526-1
PASS: 980526-2
PASS: 980602-2
PASS: 980608-1
PASS: 990130-1
PASS: 990208-1
PASS: 990324-1
COMPILE FAIL: 990326-1
PASS: 990923-1
PASS: 991014-1
PASS: 991201-1
PASS: 991202-3
PASS: 991221-1
PASS: alias-2
PASS: alias-3
COMPILE FAIL: alias-4
COMPILE FAIL: alias-access-path-1
PASS: alias-access-path-2
PASS: align-1
PASS: align-3
COMPILE FAIL: align-nest
COMPILE FAIL: alloca-1
COMPILE FAIL: bcp-1
PASS: bitfld-10
PASS: bitfld-2
PASS: bitfld-4
COMPILE FAIL: bitfld-6
COMPILE FAIL: bitfld-7
PASS: bitfld-8
PASS: bitfld-9
PASS: bswap-3
PASS: built-in-setjmp
PASS: builtin-constant
PASS: builtin-prefetch-1
COMPILE FAIL: builtin-prefetch-2
COMPILE FAIL: builtin-prefetch-3
