ms: asm:4: ldx 0
  regs: A=? X=$0 Y=? Z=? SP=?  flags: N=0 Z=1 C=? V=?
ms: asm:5: @__zp_save_loop:
  regs: A=? X=$0 Y=? Z=? SP=?  flags: N=0 Z=1 C=? V=?
ms: asm:6: lda $08
  regs: A=? X=$0 Y=? Z=? SP=?  flags: N=? Z=? C=? V=?
ms: asm:7: sta __zp_save_buf
  regs: A=? X=$0 Y=? Z=? SP=?  flags: N=? Z=? C=? V=?
ms: asm:8: inx 
  regs: A=? X=? Y=? Z=? SP=?  flags: N=? Z=? C=? V=?
ms: asm:9: cpx 248
  regs: A=? X=? Y=? Z=? SP=?  flags: N=? Z=? C=? V=?
ms: asm:10: bne @__zp_save_loop
  regs: A=? X=? Y=? Z=? SP=?  flags: N=? Z=? C=? V=?
ms: asm:11: bsr _main
  regs: A=? X=? Y=? Z=? SP=?  flags: N=? Z=? C=? V=?
ms: asm:12: sta $02
  regs: A=? X=? Y=? Z=? SP=?  flags: N=? Z=? C=? V=?
ms: asm:13: stx $03
  regs: A=? X=? Y=? Z=? SP=?  flags: N=? Z=? C=? V=?
ms: asm:15: ldx 0
  regs: A=? X=$0 Y=? Z=? SP=?  flags: N=0 Z=1 C=? V=?
ms: asm:16: @__zp_restore_loop:
  regs: A=? X=$0 Y=? Z=? SP=?  flags: N=0 Z=1 C=? V=?
ms: asm:17: lda __zp_save_buf
  regs: A=? X=$0 Y=? Z=? SP=?  flags: N=? Z=? C=? V=?
ms: asm:18: sta $08
  regs: A=? X=$0 Y=? Z=? SP=?  flags: N=? Z=? C=? V=?
ms: asm:19: inx 
  regs: A=? X=? Y=? Z=? SP=?  flags: N=? Z=? C=? V=?
ms: asm:20: cpx 248
  regs: A=? X=? Y=? Z=? SP=?  flags: N=? Z=? C=? V=?
ms: asm:21: bne @__zp_restore_loop
  regs: A=? X=? Y=? Z=? SP=?  flags: N=? Z=? C=? V=?
ms: asm:22: lda $02
  regs: A=[$2] X=? Y=? Z=? SP=?  flags: N=? Z=? C=? V=?
ms: asm:23: ldx $03
  regs: A=[$2] X=[$3] Y=? Z=? SP=?  flags: N=? Z=? C=? V=?
ms: asm:24: __halt:
  regs: A=? X=? Y=? Z=? SP=?  flags: N=? Z=? C=? V=?
ms: asm:25: bra __halt
  regs: A=? X=? Y=? Z=? SP=?  flags: N=? Z=? C=? V=?
ms: asm:37: _result:
  regs: A=? X=? Y=? Z=? SP=?  flags: N=? Z=? C=? V=?
ms: asm:39: _scores:
  regs: A=? X=? Y=? Z=? SP=?  flags: N=? Z=? C=? V=?
ms: asm:42: _grid:
  regs: A=? X=? Y=? Z=? SP=?  flags: N=? Z=? C=? V=?
ms: asm:48: proc 
  regs: A=? X=? Y=? Z=? SP=?  flags: N=? Z=? C=? V=?
ms: test_array_loop.c:9: phw 0
  regs: A=? X=? Y=? Z=? SP=?  flags: N=? Z=? C=? V=?
ms: test_array_loop.c:9: phw 0
  regs: A=? X=? Y=? Z=? SP=?  flags: N=? Z=? C=? V=?
ms: test_array_loop.c:9: tsx 
  regs: A=? X==SP Y=? Z=? SP=?  flags: N=? Z=? C=? V=?
ms: test_array_loop.c:9: txa 
  regs: A==X X==SP Y=? Z=? SP=?  flags: N=? Z=? C=? V=?
ms: test_array_loop.c:9: clc 
  regs: A==X X==SP Y=? Z=? SP=?  flags: N=? Z=? C=0 V=?
ms: test_array_loop.c:9: adc 1
  regs: A=? X==SP Y=? Z=? SP=?  flags: N=? Z=? C=? V=?
ms: test_array_loop.c:9: sta $FD
  regs: A=? X==SP Y=? Z=? SP=?  flags: N=? Z=? C=? V=?
ms: test_array_loop.c:9: lda $01
  regs: A=$1 X==SP Y=? Z=? SP=?  flags: N=0 Z=0 C=? V=?
ms: test_array_loop.c:9: adc 0
  regs: A=? X==SP Y=? Z=? SP=?  flags: N=? Z=? C=? V=?
ms: test_array_loop.c:9: sta $FE
  regs: A=? X==SP Y=? Z=? SP=?  flags: N=? Z=? C=? V=?
ms: test_array_loop.c:9: _main:@entry:
  regs: A=? X=? Y=? Z=? SP=?  flags: N=? Z=? C=? V=?
ms: test_array_loop.c:14: lda 0
  regs: A=$0 X=? Y=? Z=? SP=?  flags: N=0 Z=1 C=? V=?
ms: test_array_loop.c:14: taz 
  regs: A=$0 X=? Y=? Z=$0 SP=?  flags: N=0 Z=1 C=? V=?
ms: test_array_loop.c:14: staz.fp __vr0
  regs: A=$0 X=? Y=? Z=$0 SP=?  flags: N=? Z=? C=? V=?
ms: test_array_loop.c:14: _main:@for_cond0:
  regs: A=? X=? Y=? Z=? SP=?  flags: N=? Z=? C=? V=?
ms: test_array_loop.c:14: ldax.fp __vr0
  regs: A=? X=? Y=? Z=? SP=?  flags: N=? Z=? C=? V=?
ms: test_array_loop.c:14: cmp.16 .AX
  regs: A=? X=? Y=? Z=? SP=?  flags: N=? Z=? C=? V=?
ms: test_array_loop.c:14: bcs @for_end3
  regs: A=? X=? Y=? Z=? SP=?  flags: N=? Z=? C=? V=?
ms: test_array_loop.c:14: _main:@for_body1:
  regs: A=? X=? Y=? Z=? SP=?  flags: N=? Z=? C=? V=?
ms: test_array_loop.c:15: ldax.fp __vr0
  regs: A=? X=? Y=? Z=? SP=?  flags: N=? Z=? C=? V=?
ms: test_array_loop.c:15: clc 
  regs: A=? X=? Y=? Z=? SP=?  flags: N=? Z=? C=0 V=?
ms: test_array_loop.c:15: adc 1
  regs: A=? X=? Y=? Z=? SP=?  flags: N=? Z=? C=? V=?
ms: test_array_loop.c:15: sta $26
  regs: A=? X=? Y=? Z=? SP=?  flags: N=? Z=? C=? V=?
ms: test_array_loop.c:15: stx $27
  regs: A=? X=? Y=? Z=? SP=?  flags: N=? Z=? C=? V=?
ms: test_array_loop.c:15: pha 
  regs: A=? X=? Y=? Z=? SP=?  flags: N=? Z=? C=? V=?
ms: test_array_loop.c:15: ldax.fp __vr0
  regs: A=? X=? Y=? Z=? SP=?  flags: N=? Z=? C=? V=?
ms: test_array_loop.c:15: sta __zp_scratch2
  regs: A=? X=? Y=? Z=? SP=?  flags: N=? Z=? C=? V=?
ms: test_array_loop.c:15: stx __zp_scratch2+1
  regs: A=? X=? Y=? Z=? SP=?  flags: N=? Z=? C=? V=?
ms: test_array_loop.c:15: addr_elem.16 __zp_scratch
  regs: A=? X=? Y=? Z=? SP=?  flags: N=? Z=? C=? V=?
ms: test_array_loop.c:15: pla 
  regs: A=? X=? Y=? Z=? SP=?  flags: N=? Z=? C=? V=?
ms: test_array_loop.c:15: ldy 0
  regs: A=? X=? Y=$0 Z=? SP=?  flags: N=0 Z=1 C=? V=?
ms: test_array_loop.c:15: sta __zp_scratch
  regs: A=? X=? Y=$0 Z=? SP=?  flags: N=0 Z=1 C=? V=?
ms: test_array_loop.c:15: _main:@for_inc2:
  regs: A=? X=? Y=? Z=? SP=?  flags: N=? Z=? C=? V=?
ms: test_array_loop.c:14: ldax.fp __vr0
  regs: A=? X=? Y=? Z=? SP=?  flags: N=? Z=? C=? V=?
ms: test_array_loop.c:14: sta $2A
  regs: A=? X=? Y=? Z=? SP=?  flags: N=? Z=? C=? V=?
ms: test_array_loop.c:14: stx $2B
  regs: A=? X=? Y=? Z=? SP=?  flags: N=? Z=? C=? V=?
ms: test_array_loop.c:14: clc 
  regs: A=? X=? Y=? Z=? SP=?  flags: N=? Z=? C=0 V=?
ms: test_array_loop.c:14: adc 1
  regs: A=? X=? Y=? Z=? SP=?  flags: N=? Z=? C=? V=?
ms: test_array_loop.c:14: sta $2C
  regs: A=? X=? Y=? Z=? SP=?  flags: N=? Z=? C=? V=?
ms: test_array_loop.c:14: lda $2B
  regs: A=[$2b] X=? Y=? Z=? SP=?  flags: N=? Z=? C=? V=?
ms: test_array_loop.c:14: adc 0
  regs: A=? X=? Y=? Z=? SP=?  flags: N=? Z=? C=? V=?
ms: test_array_loop.c:14: sta $2D
  regs: A=? X=? Y=? Z=? SP=?  flags: N=? Z=? C=? V=?
ms: test_array_loop.c:14: lda $2C
  regs: A=[$2c] X=? Y=? Z=? SP=?  flags: N=? Z=? C=? V=?
ms: test_array_loop.c:14: ldx $2D
  regs: A=[$2c] X=[$2d] Y=? Z=? SP=?  flags: N=? Z=? C=? V=?
ms: test_array_loop.c:14: stax.fp __vr0
  regs: A=[$2c] X=? Y=? Z=? SP=?  flags: N=? Z=? C=? V=?
ms: test_array_loop.c:14: bra @for_cond0
  regs: A=[$2c] X=? Y=? Z=? SP=?  flags: N=? Z=? C=? V=?
ms: test_array_loop.c:14: _main:@for_end3:
  regs: A=? X=? Y=? Z=? SP=?  flags: N=? Z=? C=? V=?
ms: test_array_loop.c:19: lda 0
  regs: A=$0 X=? Y=? Z=? SP=?  flags: N=0 Z=1 C=? V=?
ms: test_array_loop.c:19: taz 
  regs: A=$0 X=? Y=? Z=$0 SP=?  flags: N=0 Z=1 C=? V=?
ms: test_array_loop.c:19: staz.fp __vr0
  regs: A=$0 X=? Y=? Z=$0 SP=?  flags: N=? Z=? C=? V=?
ms: test_array_loop.c:19: _main:@for_cond4:
  regs: A=? X=? Y=? Z=? SP=?  flags: N=? Z=? C=? V=?
ms: test_array_loop.c:19: ldax.fp __vr0
  regs: A=? X=? Y=? Z=? SP=?  flags: N=? Z=? C=? V=?
ms: test_array_loop.c:19: cmp.16 .AX
  regs: A=? X=? Y=? Z=? SP=?  flags: N=? Z=? C=? V=?
ms: test_array_loop.c:19: bcs @for_end7
  regs: A=? X=? Y=? Z=? SP=?  flags: N=? Z=? C=? V=?
ms: test_array_loop.c:19: _main:@for_body5:
  regs: A=? X=? Y=? Z=? SP=?  flags: N=? Z=? C=? V=?
ms: test_array_loop.c:20: lda 0
  regs: A=$0 X=? Y=? Z=? SP=?  flags: N=0 Z=1 C=? V=?
ms: test_array_loop.c:20: taz 
  regs: A=$0 X=? Y=? Z=$0 SP=?  flags: N=0 Z=1 C=? V=?
ms: test_array_loop.c:20: staz.fp __vr1
  regs: A=$0 X=? Y=? Z=$0 SP=?  flags: N=? Z=? C=? V=?
ms: test_array_loop.c:20: _main:@for_cond8_ph:
  regs: A=? X=? Y=? Z=? SP=?  flags: N=? Z=? C=? V=?
ms: test_array_loop.c:21: lda 10
  regs: A=$a X=? Y=? Z=? SP=?  flags: N=0 Z=0 C=? V=?
ms: test_array_loop.c:21: ldx 0
  regs: A=$a X=$0 Y=? Z=? SP=?  flags: N=0 Z=1 C=? V=?
ms: test_array_loop.c:21: sta $26
  regs: A=$a X=$0 Y=? Z=? SP=?  flags: N=0 Z=1 C=? V=?
ms: test_array_loop.c:21: stx $27
  regs: A=$a X=$0 Y=? Z=? SP=?  flags: N=0 Z=1 C=? V=?
ms: test_array_loop.c:21: ldax.fp __vr0
  regs: A=? X=? Y=? Z=? SP=?  flags: N=? Z=? C=? V=?
ms: test_array_loop.c:21: mul.16 .AX
  regs: A=? X=? Y=? Z=? SP=?  flags: N=? Z=? C=? V=?
ms: test_array_loop.c:21: sta $28
  regs: A=? X=? Y=? Z=? SP=?  flags: N=? Z=? C=? V=?
ms: test_array_loop.c:21: stx $29
  regs: A=? X=? Y=? Z=? SP=?  flags: N=? Z=? C=? V=?
ms: test_array_loop.c:21: ldax.fp __vr0
  regs: A=? X=? Y=? Z=? SP=?  flags: N=? Z=? C=? V=?
ms: test_array_loop.c:21: sta __zp_scratch2
  regs: A=? X=? Y=? Z=? SP=?  flags: N=? Z=? C=? V=?
ms: test_array_loop.c:21: stx __zp_scratch2+1
  regs: A=? X=? Y=? Z=? SP=?  flags: N=? Z=? C=? V=?
ms: test_array_loop.c:21: addr_elem.16 EXPR
  regs: A=? X=? Y=? Z=? SP=?  flags: N=? Z=? C=? V=?
ms: test_array_loop.c:21: _main:@for_cond8:
  regs: A=? X=? Y=? Z=? SP=?  flags: N=? Z=? C=? V=?
ms: test_array_loop.c:20: ldax.fp __vr1
  regs: A=? X=? Y=? Z=? SP=?  flags: N=? Z=? C=? V=?
ms: test_array_loop.c:20: cmp.16 .AX
  regs: A=? X=? Y=? Z=? SP=?  flags: N=? Z=? C=? V=?
ms: test_array_loop.c:20: bcs @for_end11
  regs: A=? X=? Y=? Z=? SP=?  flags: N=? Z=? C=? V=?
ms: test_array_loop.c:20: _main:@for_body9:
  regs: A=? X=? Y=? Z=? SP=?  flags: N=? Z=? C=? V=?
ms: test_array_loop.c:21: lda 10
  regs: A=$a X=? Y=? Z=? SP=?  flags: N=0 Z=0 C=? V=?
ms: test_array_loop.c:21: ldx 0
  regs: A=$a X=$0 Y=? Z=? SP=?  flags: N=0 Z=1 C=? V=?
ms: test_array_loop.c:21: sta $30
  regs: A=$a X=$0 Y=? Z=? SP=?  flags: N=0 Z=1 C=? V=?
ms: test_array_loop.c:21: stx $31
  regs: A=$a X=$0 Y=? Z=? SP=?  flags: N=0 Z=1 C=? V=?
ms: test_array_loop.c:21: ldax.fp __vr1
  regs: A=? X=? Y=? Z=? SP=?  flags: N=? Z=? C=? V=?
ms: test_array_loop.c:21: add.16 .AX
  regs: A=? X=? Y=? Z=? SP=?  flags: N=? Z=? C=? V=?
ms: test_array_loop.c:21: sta $32
  regs: A=? X=? Y=? Z=? SP=?  flags: N=? Z=? C=? V=?
ms: test_array_loop.c:21: stx $33
  regs: A=? X=? Y=? Z=? SP=?  flags: N=? Z=? C=? V=?
ms: test_array_loop.c:21: pha 
  regs: A=? X=? Y=? Z=? SP=?  flags: N=? Z=? C=? V=?
ms: test_array_loop.c:21: phx 
  regs: A=? X=? Y=? Z=? SP=?  flags: N=? Z=? C=? V=?
ms: test_array_loop.c:21: ldax.fp __vr1
  regs: A=? X=? Y=? Z=? SP=?  flags: N=? Z=? C=? V=?
ms: test_array_loop.c:21: sta __zp_scratch2
  regs: A=? X=? Y=? Z=? SP=?  flags: N=? Z=? C=? V=?
ms: test_array_loop.c:21: stx __zp_scratch2+1
  regs: A=? X=? Y=? Z=? SP=?  flags: N=? Z=? C=? V=?
ms: test_array_loop.c:21: addr_elem.16 __zp_scratch
  regs: A=? X=? Y=? Z=? SP=?  flags: N=? Z=? C=? V=?
ms: test_array_loop.c:21: plx 
  regs: A=? X=? Y=? Z=? SP=?  flags: N=? Z=? C=? V=?
ms: test_array_loop.c:21: pla 
  regs: A=? X=? Y=? Z=? SP=?  flags: N=? Z=? C=? V=?
ms: test_array_loop.c:21: ldy 0
  regs: A=? X=? Y=$0 Z=? SP=?  flags: N=0 Z=1 C=? V=?
ms: test_array_loop.c:21: sta __zp_scratch
  regs: A=? X=? Y=$0 Z=? SP=?  flags: N=0 Z=1 C=? V=?
ms: test_array_loop.c:21: txa 
  regs: A==X X=? Y=$0 Z=? SP=?  flags: N=? Z=? C=? V=?
ms: test_array_loop.c:21: iny 
  regs: A==X X=? Y=? Z=? SP=?  flags: N=? Z=? C=? V=?
ms: test_array_loop.c:21: sta __zp_scratch
  regs: A==X X=? Y=? Z=? SP=?  flags: N=? Z=? C=? V=?
ms: test_array_loop.c:21: _main:@for_inc10:
  regs: A=? X=? Y=? Z=? SP=?  flags: N=? Z=? C=? V=?
ms: test_array_loop.c:20: ldax.fp __vr1
  regs: A=? X=? Y=? Z=? SP=?  flags: N=? Z=? C=? V=?
ms: test_array_loop.c:20: sta $36
  regs: A=? X=? Y=? Z=? SP=?  flags: N=? Z=? C=? V=?
ms: test_array_loop.c:20: stx $37
  regs: A=? X=? Y=? Z=? SP=?  flags: N=? Z=? C=? V=?
ms: test_array_loop.c:20: clc 
  regs: A=? X=? Y=? Z=? SP=?  flags: N=? Z=? C=0 V=?
ms: test_array_loop.c:20: adc 1
  regs: A=? X=? Y=? Z=? SP=?  flags: N=? Z=? C=? V=?
ms: test_array_loop.c:20: sta $38
  regs: A=? X=? Y=? Z=? SP=?  flags: N=? Z=? C=? V=?
ms: test_array_loop.c:20: lda $37
  regs: A=[$37] X=? Y=? Z=? SP=?  flags: N=? Z=? C=? V=?
ms: test_array_loop.c:20: adc 0
  regs: A=? X=? Y=? Z=? SP=?  flags: N=? Z=? C=? V=?
ms: test_array_loop.c:20: sta $39
  regs: A=? X=? Y=? Z=? SP=?  flags: N=? Z=? C=? V=?
ms: test_array_loop.c:20: lda $38
  regs: A=[$38] X=? Y=? Z=? SP=?  flags: N=? Z=? C=? V=?
ms: test_array_loop.c:20: ldx $39
  regs: A=[$38] X=[$39] Y=? Z=? SP=?  flags: N=? Z=? C=? V=?
ms: test_array_loop.c:20: stax.fp __vr1
  regs: A=[$38] X=? Y=? Z=? SP=?  flags: N=? Z=? C=? V=?
ms: test_array_loop.c:20: bra @for_cond8
  regs: A=[$38] X=? Y=? Z=? SP=?  flags: N=? Z=? C=? V=?
ms: test_array_loop.c:20: _main:@for_end11:
  regs: A=? X=? Y=? Z=? SP=?  flags: N=? Z=? C=? V=?
ms: test_array_loop.c:20: _main:@for_inc6:
  regs: A=? X=? Y=? Z=? SP=?  flags: N=? Z=? C=? V=?
ms: test_array_loop.c:19: ldax.fp __vr0
  regs: A=? X=? Y=? Z=? SP=?  flags: N=? Z=? C=? V=?
ms: test_array_loop.c:19: sta $3A
  regs: A=? X=? Y=? Z=? SP=?  flags: N=? Z=? C=? V=?
ms: test_array_loop.c:19: stx $3B
  regs: A=? X=? Y=? Z=? SP=?  flags: N=? Z=? C=? V=?
ms: test_array_loop.c:19: clc 
  regs: A=? X=? Y=? Z=? SP=?  flags: N=? Z=? C=0 V=?
ms: test_array_loop.c:19: adc 1
  regs: A=? X=? Y=? Z=? SP=?  flags: N=? Z=? C=? V=?
ms: test_array_loop.c:19: sta $3C
  regs: A=? X=? Y=? Z=? SP=?  flags: N=? Z=? C=? V=?
ms: test_array_loop.c:19: lda $3B
  regs: A=[$3b] X=? Y=? Z=? SP=?  flags: N=? Z=? C=? V=?
ms: test_array_loop.c:19: adc 0
  regs: A=? X=? Y=? Z=? SP=?  flags: N=? Z=? C=? V=?
ms: test_array_loop.c:19: sta $3D
  regs: A=? X=? Y=? Z=? SP=?  flags: N=? Z=? C=? V=?
ms: test_array_loop.c:19: lda $3C
  regs: A=[$3c] X=? Y=? Z=? SP=?  flags: N=? Z=? C=? V=?
ms: test_array_loop.c:19: ldx $3D
  regs: A=[$3c] X=[$3d] Y=? Z=? SP=?  flags: N=? Z=? C=? V=?
ms: test_array_loop.c:19: stax.fp __vr0
  regs: A=[$3c] X=? Y=? Z=? SP=?  flags: N=? Z=? C=? V=?
ms: test_array_loop.c:19: bra @for_cond4
  regs: A=[$3c] X=? Y=? Z=? SP=?  flags: N=? Z=? C=? V=?
ms: test_array_loop.c:19: _main:@for_end7:
  regs: A=? X=? Y=? Z=? SP=?  flags: N=? Z=? C=? V=?
ms: test_array_loop.c:26: lda 0
  regs: A=$0 X=? Y=? Z=? SP=?  flags: N=0 Z=1 C=? V=?
ms: test_array_loop.c:26: sta $20
  regs: A=$0 X=? Y=? Z=? SP=?  flags: N=0 Z=1 C=? V=?
ms: test_array_loop.c:26: sta $21
  regs: A=$0 X=? Y=? Z=? SP=?  flags: N=0 Z=1 C=? V=?
ms: test_array_loop.c:26: addr_elem.16 __zp_scratch
  regs: A=? X=? Y=? Z=? SP=?  flags: N=? Z=? C=? V=?
ms: test_array_loop.c:26: ldy 0
  regs: A=? X=? Y=$0 Z=? SP=?  flags: N=0 Z=1 C=? V=?
ms: test_array_loop.c:26: lda __zp_scratch
  regs: A=? X=? Y=$0 Z=? SP=?  flags: N=? Z=? C=? V=?
ms: test_array_loop.c:26: ldx 0
  regs: A=? X=$0 Y=$0 Z=? SP=?  flags: N=0 Z=1 C=? V=?
ms: test_array_loop.c:26: sta $24
  regs: A=? X=$0 Y=$0 Z=? SP=?  flags: N=0 Z=1 C=? V=?
ms: test_array_loop.c:26: lda _result
  regs: A=? X=$0 Y=$0 Z=? SP=?  flags: N=? Z=? C=? V=?
ms: test_array_loop.c:26: ldx _result+1
  regs: A=? X=? Y=$0 Z=? SP=?  flags: N=? Z=? C=? V=?
ms: test_array_loop.c:26: sta $20
  regs: A=? X=? Y=$0 Z=? SP=?  flags: N=? Z=? C=? V=?
ms: test_array_loop.c:26: stx $21
  regs: A=? X=? Y=$0 Z=? SP=?  flags: N=? Z=? C=? V=?
ms: test_array_loop.c:26: lda 0
  regs: A=$0 X=? Y=$0 Z=? SP=?  flags: N=0 Z=1 C=? V=?
ms: test_array_loop.c:26: sta $22
  regs: A=$0 X=? Y=$0 Z=? SP=?  flags: N=0 Z=1 C=? V=?
ms: test_array_loop.c:26: sta $23
  regs: A=$0 X=? Y=$0 Z=? SP=?  flags: N=0 Z=1 C=? V=?
ms: test_array_loop.c:26: lda $24
  regs: A=[$24] X=? Y=$0 Z=? SP=?  flags: N=? Z=? C=? V=?
ms: test_array_loop.c:26: ldx 0
  regs: A=[$24] X=$0 Y=$0 Z=? SP=?  flags: N=0 Z=1 C=? V=?
ms: test_array_loop.c:26: pha 
  regs: A=[$24] X=$0 Y=$0 Z=? SP=?  flags: N=0 Z=1 C=? V=?
ms: test_array_loop.c:26: addr_elem.16 __zp_scratch
  regs: A=? X=? Y=$0 Z=? SP=?  flags: N=? Z=? C=? V=?
ms: test_array_loop.c:26: pla 
  regs: A=? X=? Y=$0 Z=? SP=?  flags: N=? Z=? C=? V=?
ms: test_array_loop.c:26: sta __zp_scratch
  regs: A=? X=? Y=$0 Z=? SP=?  flags: N=? Z=? C=? V=?
ms: test_array_loop.c:29: lda 4
  regs: A=$4 X=? Y=$0 Z=? SP=?  flags: N=0 Z=0 C=? V=?
ms: test_array_loop.c:29: ldx 0
  regs: A=$4 X=$0 Y=$0 Z=? SP=?  flags: N=0 Z=1 C=? V=?
ms: test_array_loop.c:29: sta $20
  regs: A=$4 X=$0 Y=$0 Z=? SP=?  flags: N=0 Z=1 C=? V=?
ms: test_array_loop.c:29: stx $21
  regs: A=$4 X=$0 Y=$0 Z=? SP=?  flags: N=0 Z=1 C=? V=?
ms: test_array_loop.c:29: addr_elem.16 __zp_scratch
  regs: A=? X=? Y=$0 Z=? SP=?  flags: N=? Z=? C=? V=?
ms: test_array_loop.c:29: lda __zp_scratch
  regs: A=? X=? Y=$0 Z=? SP=?  flags: N=? Z=? C=? V=?
ms: test_array_loop.c:29: ldx 0
  regs: A=? X=$0 Y=$0 Z=? SP=?  flags: N=0 Z=1 C=? V=?
ms: test_array_loop.c:29: sta $24
  regs: A=? X=$0 Y=$0 Z=? SP=?  flags: N=0 Z=1 C=? V=?
ms: test_array_loop.c:29: lda _result
  regs: A=? X=$0 Y=$0 Z=? SP=?  flags: N=? Z=? C=? V=?
ms: test_array_loop.c:29: ldx _result+1
  regs: A=? X=? Y=$0 Z=? SP=?  flags: N=? Z=? C=? V=?
ms: test_array_loop.c:29: sta $20
  regs: A=? X=? Y=$0 Z=? SP=?  flags: N=? Z=? C=? V=?
ms: test_array_loop.c:29: stx $21
  regs: A=? X=? Y=$0 Z=? SP=?  flags: N=? Z=? C=? V=?
ms: test_array_loop.c:29: lda 1
  regs: A=$1 X=? Y=$0 Z=? SP=?  flags: N=0 Z=0 C=? V=?
ms: test_array_loop.c:29: ldx 0
  regs: A=$1 X=$0 Y=$0 Z=? SP=?  flags: N=0 Z=1 C=? V=?
ms: test_array_loop.c:29: sta $22
  regs: A=$1 X=$0 Y=$0 Z=? SP=?  flags: N=0 Z=1 C=? V=?
ms: test_array_loop.c:29: stx $23
  regs: A=$1 X=$0 Y=$0 Z=? SP=?  flags: N=0 Z=1 C=? V=?
ms: test_array_loop.c:29: lda $24
  regs: A=[$24] X=$0 Y=$0 Z=? SP=?  flags: N=? Z=? C=? V=?
ms: test_array_loop.c:29: pha 
  regs: A=[$24] X=$0 Y=$0 Z=? SP=?  flags: N=? Z=? C=? V=?
ms: test_array_loop.c:29: addr_elem.16 __zp_scratch
  regs: A=? X=? Y=$0 Z=? SP=?  flags: N=? Z=? C=? V=?
ms: test_array_loop.c:29: pla 
  regs: A=? X=? Y=$0 Z=? SP=?  flags: N=? Z=? C=? V=?
ms: test_array_loop.c:29: sta __zp_scratch
  regs: A=? X=? Y=$0 Z=? SP=?  flags: N=? Z=? C=? V=?
ms: test_array_loop.c:32: lda 0
  regs: A=$0 X=? Y=$0 Z=? SP=?  flags: N=0 Z=1 C=? V=?
ms: test_array_loop.c:32: sta $20
  regs: A=$0 X=? Y=$0 Z=? SP=?  flags: N=0 Z=1 C=? V=?
ms: test_array_loop.c:32: sta $21
  regs: A=$0 X=? Y=$0 Z=? SP=?  flags: N=0 Z=1 C=? V=?
ms: test_array_loop.c:32: addr_elem.16 EXPR
  regs: A=? X=? Y=$0 Z=? SP=?  flags: N=? Z=? C=? V=?
ms: test_array_loop.c:32: lda 0
  regs: A=$0 X=? Y=$0 Z=? SP=?  flags: N=0 Z=1 C=? V=?
ms: test_array_loop.c:32: sta $20
  regs: A=$0 X=? Y=$0 Z=? SP=?  flags: N=0 Z=1 C=? V=?
ms: test_array_loop.c:32: sta $21
  regs: A=$0 X=? Y=$0 Z=? SP=?  flags: N=0 Z=1 C=? V=?
ms: test_array_loop.c:32: addr_elem.16 __zp_scratch
  regs: A=? X=? Y=$0 Z=? SP=?  flags: N=? Z=? C=? V=?
ms: test_array_loop.c:32: lda __zp_scratch
  regs: A=? X=? Y=$0 Z=? SP=?  flags: N=? Z=? C=? V=?
ms: test_array_loop.c:32: pha 
  regs: A=? X=? Y=$0 Z=? SP=?  flags: N=? Z=? C=? V=?
ms: test_array_loop.c:32: iny 
  regs: A=? X=? Y=? Z=? SP=?  flags: N=? Z=? C=? V=?
ms: test_array_loop.c:32: lda __zp_scratch
  regs: A=? X=? Y=? Z=? SP=?  flags: N=? Z=? C=? V=?
ms: test_array_loop.c:32: tax 
  regs: A=? X==A Y=? Z=? SP=?  flags: N=? Z=? C=? V=?
ms: test_array_loop.c:32: pla 
  regs: A=? X=? Y=? Z=? SP=?  flags: N=? Z=? C=? V=?
ms: test_array_loop.c:32: sta $26
  regs: A=? X=? Y=? Z=? SP=?  flags: N=? Z=? C=? V=?
ms: test_array_loop.c:32: stx $27
  regs: A=? X=? Y=? Z=? SP=?  flags: N=? Z=? C=? V=?
ms: test_array_loop.c:32: sta $20
  regs: A=? X=? Y=? Z=? SP=?  flags: N=? Z=? C=? V=?
ms: test_array_loop.c:32: lda _result
  regs: A=? X=? Y=? Z=? SP=?  flags: N=? Z=? C=? V=?
ms: test_array_loop.c:32: ldx _result+1
  regs: A=? X=? Y=? Z=? SP=?  flags: N=? Z=? C=? V=?
ms: test_array_loop.c:32: sta $22
  regs: A=? X=? Y=? Z=? SP=?  flags: N=? Z=? C=? V=?
ms: test_array_loop.c:32: stx $23
  regs: A=? X=? Y=? Z=? SP=?  flags: N=? Z=? C=? V=?
ms: test_array_loop.c:32: lda 2
  regs: A=$2 X=? Y=? Z=? SP=?  flags: N=0 Z=0 C=? V=?
ms: test_array_loop.c:32: ldx 0
  regs: A=$2 X=$0 Y=? Z=? SP=?  flags: N=0 Z=1 C=? V=?
ms: test_array_loop.c:32: sta $24
  regs: A=$2 X=$0 Y=? Z=? SP=?  flags: N=0 Z=1 C=? V=?
ms: test_array_loop.c:32: stx $25
  regs: A=$2 X=$0 Y=? Z=? SP=?  flags: N=0 Z=1 C=? V=?
ms: test_array_loop.c:32: lda $20
  regs: A=[$20] X=$0 Y=? Z=? SP=?  flags: N=? Z=? C=? V=?
ms: test_array_loop.c:32: pha 
  regs: A=[$20] X=$0 Y=? Z=? SP=?  flags: N=? Z=? C=? V=?
ms: test_array_loop.c:32: addr_elem.16 __zp_scratch
  regs: A=? X=? Y=? Z=? SP=?  flags: N=? Z=? C=? V=?
ms: test_array_loop.c:32: pla 
  regs: A=? X=? Y=? Z=? SP=?  flags: N=? Z=? C=? V=?
ms: test_array_loop.c:32: ldy 0
  regs: A=? X=? Y=$0 Z=? SP=?  flags: N=0 Z=1 C=? V=?
ms: test_array_loop.c:32: sta __zp_scratch
  regs: A=? X=? Y=$0 Z=? SP=?  flags: N=0 Z=1 C=? V=?
ms: test_array_loop.c:35: lda 1
  regs: A=$1 X=? Y=$0 Z=? SP=?  flags: N=0 Z=0 C=? V=?
ms: test_array_loop.c:35: ldx 0
  regs: A=$1 X=$0 Y=$0 Z=? SP=?  flags: N=0 Z=1 C=? V=?
ms: test_array_loop.c:35: sta $20
  regs: A=$1 X=$0 Y=$0 Z=? SP=?  flags: N=0 Z=1 C=? V=?
ms: test_array_loop.c:35: stx $21
  regs: A=$1 X=$0 Y=$0 Z=? SP=?  flags: N=0 Z=1 C=? V=?
ms: test_array_loop.c:35: addr_elem.16 EXPR
  regs: A=? X=? Y=$0 Z=? SP=?  flags: N=? Z=? C=? V=?
ms: test_array_loop.c:35: lda 2
  regs: A=$2 X=? Y=$0 Z=? SP=?  flags: N=0 Z=0 C=? V=?
ms: test_array_loop.c:35: ldx 0
  regs: A=$2 X=$0 Y=$0 Z=? SP=?  flags: N=0 Z=1 C=? V=?
ms: test_array_loop.c:35: sta $20
  regs: A=$2 X=$0 Y=$0 Z=? SP=?  flags: N=0 Z=1 C=? V=?
ms: test_array_loop.c:35: stx $21
  regs: A=$2 X=$0 Y=$0 Z=? SP=?  flags: N=0 Z=1 C=? V=?
ms: test_array_loop.c:35: addr_elem.16 __zp_scratch
  regs: A=? X=? Y=$0 Z=? SP=?  flags: N=? Z=? C=? V=?
ms: test_array_loop.c:35: lda __zp_scratch
  regs: A=? X=? Y=$0 Z=? SP=?  flags: N=? Z=? C=? V=?
ms: test_array_loop.c:35: pha 
  regs: A=? X=? Y=$0 Z=? SP=?  flags: N=? Z=? C=? V=?
ms: test_array_loop.c:35: iny 
  regs: A=? X=? Y=? Z=? SP=?  flags: N=? Z=? C=? V=?
ms: test_array_loop.c:35: lda __zp_scratch
  regs: A=? X=? Y=? Z=? SP=?  flags: N=? Z=? C=? V=?
ms: test_array_loop.c:35: tax 
  regs: A=? X==A Y=? Z=? SP=?  flags: N=? Z=? C=? V=?
ms: test_array_loop.c:35: pla 
  regs: A=? X=? Y=? Z=? SP=?  flags: N=? Z=? C=? V=?
ms: test_array_loop.c:35: sta $26
  regs: A=? X=? Y=? Z=? SP=?  flags: N=? Z=? C=? V=?
ms: test_array_loop.c:35: stx $27
  regs: A=? X=? Y=? Z=? SP=?  flags: N=? Z=? C=? V=?
ms: test_array_loop.c:35: sta $20
  regs: A=? X=? Y=? Z=? SP=?  flags: N=? Z=? C=? V=?
ms: test_array_loop.c:35: lda _result
  regs: A=? X=? Y=? Z=? SP=?  flags: N=? Z=? C=? V=?
ms: test_array_loop.c:35: ldx _result+1
  regs: A=? X=? Y=? Z=? SP=?  flags: N=? Z=? C=? V=?
ms: test_array_loop.c:35: sta $22
  regs: A=? X=? Y=? Z=? SP=?  flags: N=? Z=? C=? V=?
ms: test_array_loop.c:35: stx $23
  regs: A=? X=? Y=? Z=? SP=?  flags: N=? Z=? C=? V=?
ms: test_array_loop.c:35: lda 3
  regs: A=$3 X=? Y=? Z=? SP=?  flags: N=0 Z=0 C=? V=?
ms: test_array_loop.c:35: ldx 0
  regs: A=$3 X=$0 Y=? Z=? SP=?  flags: N=0 Z=1 C=? V=?
ms: test_array_loop.c:35: sta $24
  regs: A=$3 X=$0 Y=? Z=? SP=?  flags: N=0 Z=1 C=? V=?
ms: test_array_loop.c:35: stx $25
  regs: A=$3 X=$0 Y=? Z=? SP=?  flags: N=0 Z=1 C=? V=?
ms: test_array_loop.c:35: lda $20
  regs: A=[$20] X=$0 Y=? Z=? SP=?  flags: N=? Z=? C=? V=?
ms: test_array_loop.c:35: pha 
  regs: A=[$20] X=$0 Y=? Z=? SP=?  flags: N=? Z=? C=? V=?
ms: test_array_loop.c:35: addr_elem.16 __zp_scratch
  regs: A=? X=? Y=? Z=? SP=?  flags: N=? Z=? C=? V=?
ms: test_array_loop.c:35: pla 
  regs: A=? X=? Y=? Z=? SP=?  flags: N=? Z=? C=? V=?
ms: test_array_loop.c:35: ldy 0
  regs: A=? X=? Y=$0 Z=? SP=?  flags: N=0 Z=1 C=? V=?
ms: test_array_loop.c:35: sta __zp_scratch
  regs: A=? X=? Y=$0 Z=? SP=?  flags: N=0 Z=1 C=? V=?
ms: test_array_loop.c:38: lda 2
  regs: A=$2 X=? Y=$0 Z=? SP=?  flags: N=0 Z=0 C=? V=?
ms: test_array_loop.c:38: ldx 0
  regs: A=$2 X=$0 Y=$0 Z=? SP=?  flags: N=0 Z=1 C=? V=?
ms: test_array_loop.c:38: sta $20
  regs: A=$2 X=$0 Y=$0 Z=? SP=?  flags: N=0 Z=1 C=? V=?
ms: test_array_loop.c:38: stx $21
  regs: A=$2 X=$0 Y=$0 Z=? SP=?  flags: N=0 Z=1 C=? V=?
ms: test_array_loop.c:38: addr_elem.16 EXPR
  regs: A=? X=? Y=$0 Z=? SP=?  flags: N=? Z=? C=? V=?
ms: test_array_loop.c:38: lda 3
  regs: A=$3 X=? Y=$0 Z=? SP=?  flags: N=0 Z=0 C=? V=?
ms: test_array_loop.c:38: ldx 0
  regs: A=$3 X=$0 Y=$0 Z=? SP=?  flags: N=0 Z=1 C=? V=?
ms: test_array_loop.c:38: sta $20
  regs: A=$3 X=$0 Y=$0 Z=? SP=?  flags: N=0 Z=1 C=? V=?
ms: test_array_loop.c:38: stx $21
  regs: A=$3 X=$0 Y=$0 Z=? SP=?  flags: N=0 Z=1 C=? V=?
ms: test_array_loop.c:38: addr_elem.16 __zp_scratch
  regs: A=? X=? Y=$0 Z=? SP=?  flags: N=? Z=? C=? V=?
ms: test_array_loop.c:38: lda __zp_scratch
  regs: A=? X=? Y=$0 Z=? SP=?  flags: N=? Z=? C=? V=?
ms: test_array_loop.c:38: pha 
  regs: A=? X=? Y=$0 Z=? SP=?  flags: N=? Z=? C=? V=?
ms: test_array_loop.c:38: iny 
  regs: A=? X=? Y=? Z=? SP=?  flags: N=? Z=? C=? V=?
ms: test_array_loop.c:38: lda __zp_scratch
  regs: A=? X=? Y=? Z=? SP=?  flags: N=? Z=? C=? V=?
ms: test_array_loop.c:38: tax 
  regs: A=? X==A Y=? Z=? SP=?  flags: N=? Z=? C=? V=?
ms: test_array_loop.c:38: pla 
  regs: A=? X=? Y=? Z=? SP=?  flags: N=? Z=? C=? V=?
ms: test_array_loop.c:38: sta $26
  regs: A=? X=? Y=? Z=? SP=?  flags: N=? Z=? C=? V=?
ms: test_array_loop.c:38: stx $27
  regs: A=? X=? Y=? Z=? SP=?  flags: N=? Z=? C=? V=?
ms: test_array_loop.c:38: sta $20
  regs: A=? X=? Y=? Z=? SP=?  flags: N=? Z=? C=? V=?
ms: test_array_loop.c:38: lda _result
  regs: A=? X=? Y=? Z=? SP=?  flags: N=? Z=? C=? V=?
ms: test_array_loop.c:38: ldx _result+1
  regs: A=? X=? Y=? Z=? SP=?  flags: N=? Z=? C=? V=?
ms: test_array_loop.c:38: sta $22
  regs: A=? X=? Y=? Z=? SP=?  flags: N=? Z=? C=? V=?
ms: test_array_loop.c:38: stx $23
  regs: A=? X=? Y=? Z=? SP=?  flags: N=? Z=? C=? V=?
ms: test_array_loop.c:38: lda 4
  regs: A=$4 X=? Y=? Z=? SP=?  flags: N=0 Z=0 C=? V=?
ms: test_array_loop.c:38: ldx 0
  regs: A=$4 X=$0 Y=? Z=? SP=?  flags: N=0 Z=1 C=? V=?
ms: test_array_loop.c:38: sta $24
  regs: A=$4 X=$0 Y=? Z=? SP=?  flags: N=0 Z=1 C=? V=?
ms: test_array_loop.c:38: stx $25
  regs: A=$4 X=$0 Y=? Z=? SP=?  flags: N=0 Z=1 C=? V=?
ms: test_array_loop.c:38: lda $20
  regs: A=[$20] X=$0 Y=? Z=? SP=?  flags: N=? Z=? C=? V=?
ms: test_array_loop.c:38: pha 
  regs: A=[$20] X=$0 Y=? Z=? SP=?  flags: N=? Z=? C=? V=?
ms: test_array_loop.c:38: addr_elem.16 __zp_scratch
  regs: A=? X=? Y=? Z=? SP=?  flags: N=? Z=? C=? V=?
ms: test_array_loop.c:38: pla 
  regs: A=? X=? Y=? Z=? SP=?  flags: N=? Z=? C=? V=?
ms: test_array_loop.c:38: ldy 0
  regs: A=? X=? Y=$0 Z=? SP=?  flags: N=0 Z=1 C=? V=?
ms: test_array_loop.c:38: sta __zp_scratch
  regs: A=? X=? Y=$0 Z=? SP=?  flags: N=0 Z=1 C=? V=?
ms: test_array_loop.c:41: lda 170
  regs: A=$aa X=? Y=$0 Z=? SP=?  flags: N=1 Z=0 C=? V=?
ms: test_array_loop.c:41: sta $20
  regs: A=$aa X=? Y=$0 Z=? SP=?  flags: N=1 Z=0 C=? V=?
ms: test_array_loop.c:41: lda _result
  regs: A=? X=? Y=$0 Z=? SP=?  flags: N=? Z=? C=? V=?
ms: test_array_loop.c:41: ldx _result+1
  regs: A=? X=? Y=$0 Z=? SP=?  flags: N=? Z=? C=? V=?
ms: test_array_loop.c:41: sta $22
  regs: A=? X=? Y=$0 Z=? SP=?  flags: N=? Z=? C=? V=?
ms: test_array_loop.c:41: stx $23
  regs: A=? X=? Y=$0 Z=? SP=?  flags: N=? Z=? C=? V=?
ms: test_array_loop.c:41: lda 5
  regs: A=$5 X=? Y=$0 Z=? SP=?  flags: N=0 Z=0 C=? V=?
ms: test_array_loop.c:41: ldx 0
  regs: A=$5 X=$0 Y=$0 Z=? SP=?  flags: N=0 Z=1 C=? V=?
ms: test_array_loop.c:41: sta $24
  regs: A=$5 X=$0 Y=$0 Z=? SP=?  flags: N=0 Z=1 C=? V=?
ms: test_array_loop.c:41: stx $25
  regs: A=$5 X=$0 Y=$0 Z=? SP=?  flags: N=0 Z=1 C=? V=?
ms: test_array_loop.c:41: lda $20
  regs: A=$aa X=$0 Y=$0 Z=? SP=?  flags: N=1 Z=0 C=? V=?
ms: test_array_loop.c:41: pha 
  regs: A=$aa X=$0 Y=$0 Z=? SP=?  flags: N=1 Z=0 C=? V=?
ms: test_array_loop.c:41: addr_elem.16 __zp_scratch
  regs: A=? X=? Y=$0 Z=? SP=?  flags: N=? Z=? C=? V=?
ms: test_array_loop.c:41: pla 
  regs: A=? X=? Y=$0 Z=? SP=?  flags: N=? Z=? C=? V=?
ms: test_array_loop.c:41: sta __zp_scratch
  regs: A=? X=? Y=$0 Z=? SP=?  flags: N=? Z=? C=? V=?
ms: test_array_loop.c:41: _main:@__return:
  regs: A=? X=? Y=? Z=? SP=?  flags: N=? Z=? C=? V=?
ms: test_array_loop.c:41: plz 
  regs: A=? X=? Y=? Z=? SP=?  flags: N=? Z=? C=? V=?
ms: test_array_loop.c:41: plz 
  regs: A=? X=? Y=? Z=? SP=?  flags: N=? Z=? C=? V=?
ms: test_array_loop.c:41: plz 
  regs: A=? X=? Y=? Z=? SP=?  flags: N=? Z=? C=? V=?
ms: test_array_loop.c:41: plz 
  regs: A=? X=? Y=? Z=? SP=?  flags: N=? Z=? C=? V=?
ms: test_array_loop.c:41: endproc 
  regs: A=? X=? Y=? Z=? SP=?  flags: N=? Z=? C=? V=?
ms: test_array_loop.c:41: __zp_save_buf:
  regs: A=? X=? Y=? Z=? SP=?  flags: N=? Z=? C=? V=?
ms: asm:4: ldx 0
  regs: A=? X=$0 Y=? Z=? SP=?  flags: N=0 Z=1 C=? V=?
ms: asm:5: @__zp_save_loop:
  regs: A=? X=$0 Y=? Z=? SP=?  flags: N=0 Z=1 C=? V=?
ms: asm:6: lda $08
  regs: A=? X=$0 Y=? Z=? SP=?  flags: N=? Z=? C=? V=?
ms: asm:7: sta __zp_save_buf
  regs: A=? X=$0 Y=? Z=? SP=?  flags: N=? Z=? C=? V=?
ms: asm:8: inx 
  regs: A=? X=? Y=? Z=? SP=?  flags: N=? Z=? C=? V=?
ms: asm:9: cpx 248
  regs: A=? X=? Y=? Z=? SP=?  flags: N=? Z=? C=? V=?
ms: asm:10: bne @__zp_save_loop
  regs: A=? X=? Y=? Z=? SP=?  flags: N=? Z=? C=? V=?
ms: asm:11: bsr _main
  regs: A=? X=? Y=? Z=? SP=?  flags: N=? Z=? C=? V=?
ms: asm:12: sta $02
  regs: A=? X=? Y=? Z=? SP=?  flags: N=? Z=? C=? V=?
ms: asm:13: stx $03
  regs: A=? X=? Y=? Z=? SP=?  flags: N=? Z=? C=? V=?
ms: asm:15: ldx 0
  regs: A=? X=$0 Y=? Z=? SP=?  flags: N=0 Z=1 C=? V=?
ms: asm:16: @__zp_restore_loop:
  regs: A=? X=$0 Y=? Z=? SP=?  flags: N=0 Z=1 C=? V=?
ms: asm:17: lda __zp_save_buf
  regs: A=? X=$0 Y=? Z=? SP=?  flags: N=? Z=? C=? V=?
ms: asm:18: sta $08
  regs: A=? X=$0 Y=? Z=? SP=?  flags: N=? Z=? C=? V=?
ms: asm:19: inx 
  regs: A=? X=? Y=? Z=? SP=?  flags: N=? Z=? C=? V=?
ms: asm:20: cpx 248
  regs: A=? X=? Y=? Z=? SP=?  flags: N=? Z=? C=? V=?
ms: asm:21: bne @__zp_restore_loop
  regs: A=? X=? Y=? Z=? SP=?  flags: N=? Z=? C=? V=?
ms: asm:22: lda $02
  regs: A=[$2] X=? Y=? Z=? SP=?  flags: N=? Z=? C=? V=?
ms: asm:23: ldx $03
  regs: A=[$2] X=[$3] Y=? Z=? SP=?  flags: N=? Z=? C=? V=?
ms: asm:24: __halt:
  regs: A=? X=? Y=? Z=? SP=?  flags: N=? Z=? C=? V=?
ms: asm:25: bra __halt
  regs: A=? X=? Y=? Z=? SP=?  flags: N=? Z=? C=? V=?
ms: asm:37: _result:
  regs: A=? X=? Y=? Z=? SP=?  flags: N=? Z=? C=? V=?
ms: asm:39: _scores:
  regs: A=? X=? Y=? Z=? SP=?  flags: N=? Z=? C=? V=?
ms: asm:42: _grid:
  regs: A=? X=? Y=? Z=? SP=?  flags: N=? Z=? C=? V=?
ms: asm:48: proc 
  regs: A=? X=? Y=? Z=? SP=?  flags: N=? Z=? C=? V=?
ms: test_array_loop.c:9: phw 0
  regs: A=? X=? Y=? Z=? SP=?  flags: N=? Z=? C=? V=?
ms: test_array_loop.c:9: phw 0
  regs: A=? X=? Y=? Z=? SP=?  flags: N=? Z=? C=? V=?
ms: test_array_loop.c:9: tsx 
  regs: A=? X==SP Y=? Z=? SP=?  flags: N=? Z=? C=? V=?
ms: test_array_loop.c:9: txa 
  regs: A==X X==SP Y=? Z=? SP=?  flags: N=? Z=? C=? V=?
ms: test_array_loop.c:9: clc 
  regs: A==X X==SP Y=? Z=? SP=?  flags: N=? Z=? C=0 V=?
ms: test_array_loop.c:9: adc 1
  regs: A=? X==SP Y=? Z=? SP=?  flags: N=? Z=? C=? V=?
ms: test_array_loop.c:9: sta $FD
  regs: A=? X==SP Y=? Z=? SP=?  flags: N=? Z=? C=? V=?
ms: test_array_loop.c:9: lda $01
  regs: A=$1 X==SP Y=? Z=? SP=?  flags: N=0 Z=0 C=? V=?
ms: test_array_loop.c:9: adc 0
  regs: A=? X==SP Y=? Z=? SP=?  flags: N=? Z=? C=? V=?
ms: test_array_loop.c:9: sta $FE
  regs: A=? X==SP Y=? Z=? SP=?  flags: N=? Z=? C=? V=?
ms: test_array_loop.c:9: _main:@entry:
  regs: A=? X=? Y=? Z=? SP=?  flags: N=? Z=? C=? V=?
ms: test_array_loop.c:14: lda 0
  regs: A=$0 X=? Y=? Z=? SP=?  flags: N=0 Z=1 C=? V=?
ms: test_array_loop.c:14: taz 
  regs: A=$0 X=? Y=? Z=$0 SP=?  flags: N=0 Z=1 C=? V=?
ms: test_array_loop.c:14: staz.fp __vr0
  regs: A=$0 X=? Y=? Z=$0 SP=?  flags: N=? Z=? C=? V=?
ms: test_array_loop.c:14: _main:@for_cond0:
  regs: A=? X=? Y=? Z=? SP=?  flags: N=? Z=? C=? V=?
ms: test_array_loop.c:14: ldax.fp __vr0
  regs: A=? X=? Y=? Z=? SP=?  flags: N=? Z=? C=? V=?
ms: test_array_loop.c:14: cmp.16 .AX
  regs: A=? X=? Y=? Z=? SP=?  flags: N=? Z=? C=? V=?
ms: test_array_loop.c:14: bcs @for_end3
  regs: A=? X=? Y=? Z=? SP=?  flags: N=? Z=? C=? V=?
ms: test_array_loop.c:14: _main:@for_body1:
  regs: A=? X=? Y=? Z=? SP=?  flags: N=? Z=? C=? V=?
ms: test_array_loop.c:15: ldax.fp __vr0
  regs: A=? X=? Y=? Z=? SP=?  flags: N=? Z=? C=? V=?
ms: test_array_loop.c:15: clc 
  regs: A=? X=? Y=? Z=? SP=?  flags: N=? Z=? C=0 V=?
ms: test_array_loop.c:15: adc 1
  regs: A=? X=? Y=? Z=? SP=?  flags: N=? Z=? C=? V=?
ms: test_array_loop.c:15: sta $26
  regs: A=? X=? Y=? Z=? SP=?  flags: N=? Z=? C=? V=?
ms: test_array_loop.c:15: stx $27
  regs: A=? X=? Y=? Z=? SP=?  flags: N=? Z=? C=? V=?
ms: test_array_loop.c:15: pha 
  regs: A=? X=? Y=? Z=? SP=?  flags: N=? Z=? C=? V=?
ms: test_array_loop.c:15: ldax.fp __vr0
  regs: A=? X=? Y=? Z=? SP=?  flags: N=? Z=? C=? V=?
ms: test_array_loop.c:15: sta __zp_scratch2
  regs: A=? X=? Y=? Z=? SP=?  flags: N=? Z=? C=? V=?
ms: test_array_loop.c:15: stx __zp_scratch2+1
  regs: A=? X=? Y=? Z=? SP=?  flags: N=? Z=? C=? V=?
ms: test_array_loop.c:15: addr_elem.16 __zp_scratch
  regs: A=? X=? Y=? Z=? SP=?  flags: N=? Z=? C=? V=?
ms: test_array_loop.c:15: pla 
  regs: A=? X=? Y=? Z=? SP=?  flags: N=? Z=? C=? V=?
ms: test_array_loop.c:15: ldy 0
  regs: A=? X=? Y=$0 Z=? SP=?  flags: N=0 Z=1 C=? V=?
ms: test_array_loop.c:15: sta __zp_scratch
  regs: A=? X=? Y=$0 Z=? SP=?  flags: N=0 Z=1 C=? V=?
ms: test_array_loop.c:15: _main:@for_inc2:
  regs: A=? X=? Y=? Z=? SP=?  flags: N=? Z=? C=? V=?
ms: test_array_loop.c:14: ldax.fp __vr0
  regs: A=? X=? Y=? Z=? SP=?  flags: N=? Z=? C=? V=?
ms: test_array_loop.c:14: sta $2A
  regs: A=? X=? Y=? Z=? SP=?  flags: N=? Z=? C=? V=?
ms: test_array_loop.c:14: stx $2B
  regs: A=? X=? Y=? Z=? SP=?  flags: N=? Z=? C=? V=?
ms: test_array_loop.c:14: clc 
  regs: A=? X=? Y=? Z=? SP=?  flags: N=? Z=? C=0 V=?
ms: test_array_loop.c:14: adc 1
  regs: A=? X=? Y=? Z=? SP=?  flags: N=? Z=? C=? V=?
ms: test_array_loop.c:14: sta $2C
  regs: A=? X=? Y=? Z=? SP=?  flags: N=? Z=? C=? V=?
ms: test_array_loop.c:14: lda $2B
  regs: A=[$2b] X=? Y=? Z=? SP=?  flags: N=? Z=? C=? V=?
ms: test_array_loop.c:14: adc 0
  regs: A=? X=? Y=? Z=? SP=?  flags: N=? Z=? C=? V=?
ms: test_array_loop.c:14: sta $2D
  regs: A=? X=? Y=? Z=? SP=?  flags: N=? Z=? C=? V=?
ms: test_array_loop.c:14: lda $2C
  regs: A=[$2c] X=? Y=? Z=? SP=?  flags: N=? Z=? C=? V=?
ms: test_array_loop.c:14: ldx $2D
  regs: A=[$2c] X=[$2d] Y=? Z=? SP=?  flags: N=? Z=? C=? V=?
ms: test_array_loop.c:14: stax.fp __vr0
  regs: A=[$2c] X=? Y=? Z=? SP=?  flags: N=? Z=? C=? V=?
ms: test_array_loop.c:14: bra @for_cond0
  regs: A=[$2c] X=? Y=? Z=? SP=?  flags: N=? Z=? C=? V=?
ms: test_array_loop.c:14: _main:@for_end3:
  regs: A=? X=? Y=? Z=? SP=?  flags: N=? Z=? C=? V=?
ms: test_array_loop.c:19: lda 0
  regs: A=$0 X=? Y=? Z=? SP=?  flags: N=0 Z=1 C=? V=?
ms: test_array_loop.c:19: taz 
  regs: A=$0 X=? Y=? Z=$0 SP=?  flags: N=0 Z=1 C=? V=?
ms: test_array_loop.c:19: staz.fp __vr0
  regs: A=$0 X=? Y=? Z=$0 SP=?  flags: N=? Z=? C=? V=?
ms: test_array_loop.c:19: _main:@for_cond4:
  regs: A=? X=? Y=? Z=? SP=?  flags: N=? Z=? C=? V=?
ms: test_array_loop.c:19: ldax.fp __vr0
  regs: A=? X=? Y=? Z=? SP=?  flags: N=? Z=? C=? V=?
ms: test_array_loop.c:19: cmp.16 .AX
  regs: A=? X=? Y=? Z=? SP=?  flags: N=? Z=? C=? V=?
ms: test_array_loop.c:19: bcs @for_end7
  regs: A=? X=? Y=? Z=? SP=?  flags: N=? Z=? C=? V=?
ms: test_array_loop.c:19: _main:@for_body5:
  regs: A=? X=? Y=? Z=? SP=?  flags: N=? Z=? C=? V=?
ms: test_array_loop.c:20: lda 0
  regs: A=$0 X=? Y=? Z=? SP=?  flags: N=0 Z=1 C=? V=?
ms: test_array_loop.c:20: taz 
  regs: A=$0 X=? Y=? Z=$0 SP=?  flags: N=0 Z=1 C=? V=?
ms: test_array_loop.c:20: staz.fp __vr1
  regs: A=$0 X=? Y=? Z=$0 SP=?  flags: N=? Z=? C=? V=?
ms: test_array_loop.c:20: _main:@for_cond8_ph:
  regs: A=? X=? Y=? Z=? SP=?  flags: N=? Z=? C=? V=?
ms: test_array_loop.c:21: lda 10
  regs: A=$a X=? Y=? Z=? SP=?  flags: N=0 Z=0 C=? V=?
ms: test_array_loop.c:21: ldx 0
  regs: A=$a X=$0 Y=? Z=? SP=?  flags: N=0 Z=1 C=? V=?
ms: test_array_loop.c:21: sta $26
  regs: A=$a X=$0 Y=? Z=? SP=?  flags: N=0 Z=1 C=? V=?
ms: test_array_loop.c:21: stx $27
  regs: A=$a X=$0 Y=? Z=? SP=?  flags: N=0 Z=1 C=? V=?
ms: test_array_loop.c:21: ldax.fp __vr0
  regs: A=? X=? Y=? Z=? SP=?  flags: N=? Z=? C=? V=?
ms: test_array_loop.c:21: mul.16 .AX
  regs: A=? X=? Y=? Z=? SP=?  flags: N=? Z=? C=? V=?
ms: test_array_loop.c:21: sta $28
  regs: A=? X=? Y=? Z=? SP=?  flags: N=? Z=? C=? V=?
ms: test_array_loop.c:21: stx $29
  regs: A=? X=? Y=? Z=? SP=?  flags: N=? Z=? C=? V=?
ms: test_array_loop.c:21: ldax.fp __vr0
  regs: A=? X=? Y=? Z=? SP=?  flags: N=? Z=? C=? V=?
ms: test_array_loop.c:21: sta __zp_scratch2
  regs: A=? X=? Y=? Z=? SP=?  flags: N=? Z=? C=? V=?
ms: test_array_loop.c:21: stx __zp_scratch2+1
  regs: A=? X=? Y=? Z=? SP=?  flags: N=? Z=? C=? V=?
ms: test_array_loop.c:21: addr_elem.16 EXPR
  regs: A=? X=? Y=? Z=? SP=?  flags: N=? Z=? C=? V=?
ms: test_array_loop.c:21: _main:@for_cond8:
  regs: A=? X=? Y=? Z=? SP=?  flags: N=? Z=? C=? V=?
ms: test_array_loop.c:20: ldax.fp __vr1
  regs: A=? X=? Y=? Z=? SP=?  flags: N=? Z=? C=? V=?
ms: test_array_loop.c:20: cmp.16 .AX
  regs: A=? X=? Y=? Z=? SP=?  flags: N=? Z=? C=? V=?
ms: test_array_loop.c:20: bcs @for_end11
  regs: A=? X=? Y=? Z=? SP=?  flags: N=? Z=? C=? V=?
ms: test_array_loop.c:20: _main:@for_body9:
  regs: A=? X=? Y=? Z=? SP=?  flags: N=? Z=? C=? V=?
ms: test_array_loop.c:21: lda 10
  regs: A=$a X=? Y=? Z=? SP=?  flags: N=0 Z=0 C=? V=?
ms: test_array_loop.c:21: ldx 0
  regs: A=$a X=$0 Y=? Z=? SP=?  flags: N=0 Z=1 C=? V=?
ms: test_array_loop.c:21: sta $30
  regs: A=$a X=$0 Y=? Z=? SP=?  flags: N=0 Z=1 C=? V=?
ms: test_array_loop.c:21: stx $31
  regs: A=$a X=$0 Y=? Z=? SP=?  flags: N=0 Z=1 C=? V=?
ms: test_array_loop.c:21: ldax.fp __vr1
  regs: A=? X=? Y=? Z=? SP=?  flags: N=? Z=? C=? V=?
ms: test_array_loop.c:21: add.16 .AX
  regs: A=? X=? Y=? Z=? SP=?  flags: N=? Z=? C=? V=?
ms: test_array_loop.c:21: sta $32
  regs: A=? X=? Y=? Z=? SP=?  flags: N=? Z=? C=? V=?
ms: test_array_loop.c:21: stx $33
  regs: A=? X=? Y=? Z=? SP=?  flags: N=? Z=? C=? V=?
ms: test_array_loop.c:21: pha 
  regs: A=? X=? Y=? Z=? SP=?  flags: N=? Z=? C=? V=?
ms: test_array_loop.c:21: phx 
  regs: A=? X=? Y=? Z=? SP=?  flags: N=? Z=? C=? V=?
ms: test_array_loop.c:21: ldax.fp __vr1
  regs: A=? X=? Y=? Z=? SP=?  flags: N=? Z=? C=? V=?
ms: test_array_loop.c:21: sta __zp_scratch2
  regs: A=? X=? Y=? Z=? SP=?  flags: N=? Z=? C=? V=?
ms: test_array_loop.c:21: stx __zp_scratch2+1
  regs: A=? X=? Y=? Z=? SP=?  flags: N=? Z=? C=? V=?
ms: test_array_loop.c:21: addr_elem.16 __zp_scratch
  regs: A=? X=? Y=? Z=? SP=?  flags: N=? Z=? C=? V=?
ms: test_array_loop.c:21: plx 
  regs: A=? X=? Y=? Z=? SP=?  flags: N=? Z=? C=? V=?
ms: test_array_loop.c:21: pla 
  regs: A=? X=? Y=? Z=? SP=?  flags: N=? Z=? C=? V=?
ms: test_array_loop.c:21: ldy 0
  regs: A=? X=? Y=$0 Z=? SP=?  flags: N=0 Z=1 C=? V=?
ms: test_array_loop.c:21: sta __zp_scratch
  regs: A=? X=? Y=$0 Z=? SP=?  flags: N=0 Z=1 C=? V=?
ms: test_array_loop.c:21: txa 
  regs: A==X X=? Y=$0 Z=? SP=?  flags: N=? Z=? C=? V=?
ms: test_array_loop.c:21: iny 
  regs: A==X X=? Y=? Z=? SP=?  flags: N=? Z=? C=? V=?
ms: test_array_loop.c:21: sta __zp_scratch
  regs: A==X X=? Y=? Z=? SP=?  flags: N=? Z=? C=? V=?
ms: test_array_loop.c:21: _main:@for_inc10:
  regs: A=? X=? Y=? Z=? SP=?  flags: N=? Z=? C=? V=?
ms: test_array_loop.c:20: ldax.fp __vr1
  regs: A=? X=? Y=? Z=? SP=?  flags: N=? Z=? C=? V=?
ms: test_array_loop.c:20: sta $36
  regs: A=? X=? Y=? Z=? SP=?  flags: N=? Z=? C=? V=?
ms: test_array_loop.c:20: stx $37
  regs: A=? X=? Y=? Z=? SP=?  flags: N=? Z=? C=? V=?
ms: test_array_loop.c:20: clc 
  regs: A=? X=? Y=? Z=? SP=?  flags: N=? Z=? C=0 V=?
ms: test_array_loop.c:20: adc 1
  regs: A=? X=? Y=? Z=? SP=?  flags: N=? Z=? C=? V=?
ms: test_array_loop.c:20: sta $38
  regs: A=? X=? Y=? Z=? SP=?  flags: N=? Z=? C=? V=?
ms: test_array_loop.c:20: lda $37
  regs: A=[$37] X=? Y=? Z=? SP=?  flags: N=? Z=? C=? V=?
ms: test_array_loop.c:20: adc 0
  regs: A=? X=? Y=? Z=? SP=?  flags: N=? Z=? C=? V=?
ms: test_array_loop.c:20: sta $39
  regs: A=? X=? Y=? Z=? SP=?  flags: N=? Z=? C=? V=?
ms: test_array_loop.c:20: lda $38
  regs: A=[$38] X=? Y=? Z=? SP=?  flags: N=? Z=? C=? V=?
ms: test_array_loop.c:20: ldx $39
  regs: A=[$38] X=[$39] Y=? Z=? SP=?  flags: N=? Z=? C=? V=?
ms: test_array_loop.c:20: stax.fp __vr1
  regs: A=[$38] X=? Y=? Z=? SP=?  flags: N=? Z=? C=? V=?
ms: test_array_loop.c:20: bra @for_cond8
  regs: A=[$38] X=? Y=? Z=? SP=?  flags: N=? Z=? C=? V=?
ms: test_array_loop.c:20: _main:@for_end11:
  regs: A=? X=? Y=? Z=? SP=?  flags: N=? Z=? C=? V=?
ms: test_array_loop.c:20: _main:@for_inc6:
  regs: A=? X=? Y=? Z=? SP=?  flags: N=? Z=? C=? V=?
ms: test_array_loop.c:19: ldax.fp __vr0
  regs: A=? X=? Y=? Z=? SP=?  flags: N=? Z=? C=? V=?
ms: test_array_loop.c:19: sta $3A
  regs: A=? X=? Y=? Z=? SP=?  flags: N=? Z=? C=? V=?
ms: test_array_loop.c:19: stx $3B
  regs: A=? X=? Y=? Z=? SP=?  flags: N=? Z=? C=? V=?
ms: test_array_loop.c:19: clc 
  regs: A=? X=? Y=? Z=? SP=?  flags: N=? Z=? C=0 V=?
ms: test_array_loop.c:19: adc 1
  regs: A=? X=? Y=? Z=? SP=?  flags: N=? Z=? C=? V=?
ms: test_array_loop.c:19: sta $3C
  regs: A=? X=? Y=? Z=? SP=?  flags: N=? Z=? C=? V=?
ms: test_array_loop.c:19: lda $3B
  regs: A=[$3b] X=? Y=? Z=? SP=?  flags: N=? Z=? C=? V=?
ms: test_array_loop.c:19: adc 0
  regs: A=? X=? Y=? Z=? SP=?  flags: N=? Z=? C=? V=?
ms: test_array_loop.c:19: sta $3D
  regs: A=? X=? Y=? Z=? SP=?  flags: N=? Z=? C=? V=?
ms: test_array_loop.c:19: lda $3C
  regs: A=[$3c] X=? Y=? Z=? SP=?  flags: N=? Z=? C=? V=?
ms: test_array_loop.c:19: ldx $3D
  regs: A=[$3c] X=[$3d] Y=? Z=? SP=?  flags: N=? Z=? C=? V=?
ms: test_array_loop.c:19: stax.fp __vr0
  regs: A=[$3c] X=? Y=? Z=? SP=?  flags: N=? Z=? C=? V=?
ms: test_array_loop.c:19: bra @for_cond4
  regs: A=[$3c] X=? Y=? Z=? SP=?  flags: N=? Z=? C=? V=?
ms: test_array_loop.c:19: _main:@for_end7:
  regs: A=? X=? Y=? Z=? SP=?  flags: N=? Z=? C=? V=?
ms: test_array_loop.c:26: lda 0
  regs: A=$0 X=? Y=? Z=? SP=?  flags: N=0 Z=1 C=? V=?
ms: test_array_loop.c:26: sta $20
  regs: A=$0 X=? Y=? Z=? SP=?  flags: N=0 Z=1 C=? V=?
ms: test_array_loop.c:26: sta $21
  regs: A=$0 X=? Y=? Z=? SP=?  flags: N=0 Z=1 C=? V=?
ms: test_array_loop.c:26: addr_elem.16 __zp_scratch
  regs: A=? X=? Y=? Z=? SP=?  flags: N=? Z=? C=? V=?
ms: test_array_loop.c:26: ldy 0
  regs: A=? X=? Y=$0 Z=? SP=?  flags: N=0 Z=1 C=? V=?
ms: test_array_loop.c:26: lda __zp_scratch
  regs: A=? X=? Y=$0 Z=? SP=?  flags: N=? Z=? C=? V=?
ms: test_array_loop.c:26: ldx 0
  regs: A=? X=$0 Y=$0 Z=? SP=?  flags: N=0 Z=1 C=? V=?
ms: test_array_loop.c:26: sta $24
  regs: A=? X=$0 Y=$0 Z=? SP=?  flags: N=0 Z=1 C=? V=?
ms: test_array_loop.c:26: lda _result
  regs: A=? X=$0 Y=$0 Z=? SP=?  flags: N=? Z=? C=? V=?
ms: test_array_loop.c:26: ldx _result+1
  regs: A=? X=? Y=$0 Z=? SP=?  flags: N=? Z=? C=? V=?
ms: test_array_loop.c:26: sta $20
  regs: A=? X=? Y=$0 Z=? SP=?  flags: N=? Z=? C=? V=?
ms: test_array_loop.c:26: stx $21
  regs: A=? X=? Y=$0 Z=? SP=?  flags: N=? Z=? C=? V=?
ms: test_array_loop.c:26: lda 0
  regs: A=$0 X=? Y=$0 Z=? SP=?  flags: N=0 Z=1 C=? V=?
ms: test_array_loop.c:26: sta $22
  regs: A=$0 X=? Y=$0 Z=? SP=?  flags: N=0 Z=1 C=? V=?
ms: test_array_loop.c:26: sta $23
  regs: A=$0 X=? Y=$0 Z=? SP=?  flags: N=0 Z=1 C=? V=?
ms: test_array_loop.c:26: lda $24
  regs: A=[$24] X=? Y=$0 Z=? SP=?  flags: N=? Z=? C=? V=?
ms: test_array_loop.c:26: ldx 0
  regs: A=[$24] X=$0 Y=$0 Z=? SP=?  flags: N=0 Z=1 C=? V=?
ms: test_array_loop.c:26: pha 
  regs: A=[$24] X=$0 Y=$0 Z=? SP=?  flags: N=0 Z=1 C=? V=?
ms: test_array_loop.c:26: addr_elem.16 __zp_scratch
  regs: A=? X=? Y=$0 Z=? SP=?  flags: N=? Z=? C=? V=?
ms: test_array_loop.c:26: pla 
  regs: A=? X=? Y=$0 Z=? SP=?  flags: N=? Z=? C=? V=?
ms: test_array_loop.c:26: sta __zp_scratch
  regs: A=? X=? Y=$0 Z=? SP=?  flags: N=? Z=? C=? V=?
ms: test_array_loop.c:29: lda 4
  regs: A=$4 X=? Y=$0 Z=? SP=?  flags: N=0 Z=0 C=? V=?
ms: test_array_loop.c:29: ldx 0
  regs: A=$4 X=$0 Y=$0 Z=? SP=?  flags: N=0 Z=1 C=? V=?
ms: test_array_loop.c:29: sta $20
  regs: A=$4 X=$0 Y=$0 Z=? SP=?  flags: N=0 Z=1 C=? V=?
ms: test_array_loop.c:29: stx $21
  regs: A=$4 X=$0 Y=$0 Z=? SP=?  flags: N=0 Z=1 C=? V=?
ms: test_array_loop.c:29: addr_elem.16 __zp_scratch
  regs: A=? X=? Y=$0 Z=? SP=?  flags: N=? Z=? C=? V=?
ms: test_array_loop.c:29: lda __zp_scratch
  regs: A=? X=? Y=$0 Z=? SP=?  flags: N=? Z=? C=? V=?
ms: test_array_loop.c:29: ldx 0
  regs: A=? X=$0 Y=$0 Z=? SP=?  flags: N=0 Z=1 C=? V=?
ms: test_array_loop.c:29: sta $24
  regs: A=? X=$0 Y=$0 Z=? SP=?  flags: N=0 Z=1 C=? V=?
ms: test_array_loop.c:29: lda _result
  regs: A=? X=$0 Y=$0 Z=? SP=?  flags: N=? Z=? C=? V=?
ms: test_array_loop.c:29: ldx _result+1
  regs: A=? X=? Y=$0 Z=? SP=?  flags: N=? Z=? C=? V=?
ms: test_array_loop.c:29: sta $20
  regs: A=? X=? Y=$0 Z=? SP=?  flags: N=? Z=? C=? V=?
ms: test_array_loop.c:29: stx $21
  regs: A=? X=? Y=$0 Z=? SP=?  flags: N=? Z=? C=? V=?
ms: test_array_loop.c:29: lda 1
  regs: A=$1 X=? Y=$0 Z=? SP=?  flags: N=0 Z=0 C=? V=?
ms: test_array_loop.c:29: ldx 0
  regs: A=$1 X=$0 Y=$0 Z=? SP=?  flags: N=0 Z=1 C=? V=?
ms: test_array_loop.c:29: sta $22
  regs: A=$1 X=$0 Y=$0 Z=? SP=?  flags: N=0 Z=1 C=? V=?
ms: test_array_loop.c:29: stx $23
  regs: A=$1 X=$0 Y=$0 Z=? SP=?  flags: N=0 Z=1 C=? V=?
ms: test_array_loop.c:29: lda $24
  regs: A=[$24] X=$0 Y=$0 Z=? SP=?  flags: N=? Z=? C=? V=?
ms: test_array_loop.c:29: pha 
  regs: A=[$24] X=$0 Y=$0 Z=? SP=?  flags: N=? Z=? C=? V=?
ms: test_array_loop.c:29: addr_elem.16 __zp_scratch
  regs: A=? X=? Y=$0 Z=? SP=?  flags: N=? Z=? C=? V=?
ms: test_array_loop.c:29: pla 
  regs: A=? X=? Y=$0 Z=? SP=?  flags: N=? Z=? C=? V=?
ms: test_array_loop.c:29: sta __zp_scratch
  regs: A=? X=? Y=$0 Z=? SP=?  flags: N=? Z=? C=? V=?
ms: test_array_loop.c:32: lda 0
  regs: A=$0 X=? Y=$0 Z=? SP=?  flags: N=0 Z=1 C=? V=?
ms: test_array_loop.c:32: sta $20
  regs: A=$0 X=? Y=$0 Z=? SP=?  flags: N=0 Z=1 C=? V=?
ms: test_array_loop.c:32: sta $21
  regs: A=$0 X=? Y=$0 Z=? SP=?  flags: N=0 Z=1 C=? V=?
ms: test_array_loop.c:32: addr_elem.16 EXPR
  regs: A=? X=? Y=$0 Z=? SP=?  flags: N=? Z=? C=? V=?
ms: test_array_loop.c:32: lda 0
  regs: A=$0 X=? Y=$0 Z=? SP=?  flags: N=0 Z=1 C=? V=?
ms: test_array_loop.c:32: sta $20
  regs: A=$0 X=? Y=$0 Z=? SP=?  flags: N=0 Z=1 C=? V=?
ms: test_array_loop.c:32: sta $21
  regs: A=$0 X=? Y=$0 Z=? SP=?  flags: N=0 Z=1 C=? V=?
ms: test_array_loop.c:32: addr_elem.16 __zp_scratch
  regs: A=? X=? Y=$0 Z=? SP=?  flags: N=? Z=? C=? V=?
ms: test_array_loop.c:32: lda __zp_scratch
  regs: A=? X=? Y=$0 Z=? SP=?  flags: N=? Z=? C=? V=?
ms: test_array_loop.c:32: pha 
  regs: A=? X=? Y=$0 Z=? SP=?  flags: N=? Z=? C=? V=?
ms: test_array_loop.c:32: iny 
  regs: A=? X=? Y=? Z=? SP=?  flags: N=? Z=? C=? V=?
ms: test_array_loop.c:32: lda __zp_scratch
  regs: A=? X=? Y=? Z=? SP=?  flags: N=? Z=? C=? V=?
ms: test_array_loop.c:32: tax 
  regs: A=? X==A Y=? Z=? SP=?  flags: N=? Z=? C=? V=?
ms: test_array_loop.c:32: pla 
  regs: A=? X=? Y=? Z=? SP=?  flags: N=? Z=? C=? V=?
ms: test_array_loop.c:32: sta $26
  regs: A=? X=? Y=? Z=? SP=?  flags: N=? Z=? C=? V=?
ms: test_array_loop.c:32: stx $27
  regs: A=? X=? Y=? Z=? SP=?  flags: N=? Z=? C=? V=?
ms: test_array_loop.c:32: sta $20
  regs: A=? X=? Y=? Z=? SP=?  flags: N=? Z=? C=? V=?
ms: test_array_loop.c:32: lda _result
  regs: A=? X=? Y=? Z=? SP=?  flags: N=? Z=? C=? V=?
ms: test_array_loop.c:32: ldx _result+1
  regs: A=? X=? Y=? Z=? SP=?  flags: N=? Z=? C=? V=?
ms: test_array_loop.c:32: sta $22
  regs: A=? X=? Y=? Z=? SP=?  flags: N=? Z=? C=? V=?
ms: test_array_loop.c:32: stx $23
  regs: A=? X=? Y=? Z=? SP=?  flags: N=? Z=? C=? V=?
ms: test_array_loop.c:32: lda 2
  regs: A=$2 X=? Y=? Z=? SP=?  flags: N=0 Z=0 C=? V=?
ms: test_array_loop.c:32: ldx 0
  regs: A=$2 X=$0 Y=? Z=? SP=?  flags: N=0 Z=1 C=? V=?
ms: test_array_loop.c:32: sta $24
  regs: A=$2 X=$0 Y=? Z=? SP=?  flags: N=0 Z=1 C=? V=?
ms: test_array_loop.c:32: stx $25
  regs: A=$2 X=$0 Y=? Z=? SP=?  flags: N=0 Z=1 C=? V=?
ms: test_array_loop.c:32: lda $20
  regs: A=[$20] X=$0 Y=? Z=? SP=?  flags: N=? Z=? C=? V=?
ms: test_array_loop.c:32: pha 
  regs: A=[$20] X=$0 Y=? Z=? SP=?  flags: N=? Z=? C=? V=?
ms: test_array_loop.c:32: addr_elem.16 __zp_scratch
  regs: A=? X=? Y=? Z=? SP=?  flags: N=? Z=? C=? V=?
ms: test_array_loop.c:32: pla 
  regs: A=? X=? Y=? Z=? SP=?  flags: N=? Z=? C=? V=?
ms: test_array_loop.c:32: ldy 0
  regs: A=? X=? Y=$0 Z=? SP=?  flags: N=0 Z=1 C=? V=?
ms: test_array_loop.c:32: sta __zp_scratch
  regs: A=? X=? Y=$0 Z=? SP=?  flags: N=0 Z=1 C=? V=?
ms: test_array_loop.c:35: lda 1
  regs: A=$1 X=? Y=$0 Z=? SP=?  flags: N=0 Z=0 C=? V=?
ms: test_array_loop.c:35: ldx 0
  regs: A=$1 X=$0 Y=$0 Z=? SP=?  flags: N=0 Z=1 C=? V=?
ms: test_array_loop.c:35: sta $20
  regs: A=$1 X=$0 Y=$0 Z=? SP=?  flags: N=0 Z=1 C=? V=?
ms: test_array_loop.c:35: stx $21
  regs: A=$1 X=$0 Y=$0 Z=? SP=?  flags: N=0 Z=1 C=? V=?
ms: test_array_loop.c:35: addr_elem.16 EXPR
  regs: A=? X=? Y=$0 Z=? SP=?  flags: N=? Z=? C=? V=?
ms: test_array_loop.c:35: lda 2
  regs: A=$2 X=? Y=$0 Z=? SP=?  flags: N=0 Z=0 C=? V=?
ms: test_array_loop.c:35: ldx 0
  regs: A=$2 X=$0 Y=$0 Z=? SP=?  flags: N=0 Z=1 C=? V=?
ms: test_array_loop.c:35: sta $20
  regs: A=$2 X=$0 Y=$0 Z=? SP=?  flags: N=0 Z=1 C=? V=?
ms: test_array_loop.c:35: stx $21
  regs: A=$2 X=$0 Y=$0 Z=? SP=?  flags: N=0 Z=1 C=? V=?
ms: test_array_loop.c:35: addr_elem.16 __zp_scratch
  regs: A=? X=? Y=$0 Z=? SP=?  flags: N=? Z=? C=? V=?
ms: test_array_loop.c:35: lda __zp_scratch
  regs: A=? X=? Y=$0 Z=? SP=?  flags: N=? Z=? C=? V=?
ms: test_array_loop.c:35: pha 
  regs: A=? X=? Y=$0 Z=? SP=?  flags: N=? Z=? C=? V=?
ms: test_array_loop.c:35: iny 
  regs: A=? X=? Y=? Z=? SP=?  flags: N=? Z=? C=? V=?
ms: test_array_loop.c:35: lda __zp_scratch
  regs: A=? X=? Y=? Z=? SP=?  flags: N=? Z=? C=? V=?
ms: test_array_loop.c:35: tax 
  regs: A=? X==A Y=? Z=? SP=?  flags: N=? Z=? C=? V=?
ms: test_array_loop.c:35: pla 
  regs: A=? X=? Y=? Z=? SP=?  flags: N=? Z=? C=? V=?
ms: test_array_loop.c:35: sta $26
  regs: A=? X=? Y=? Z=? SP=?  flags: N=? Z=? C=? V=?
ms: test_array_loop.c:35: stx $27
  regs: A=? X=? Y=? Z=? SP=?  flags: N=? Z=? C=? V=?
ms: test_array_loop.c:35: sta $20
  regs: A=? X=? Y=? Z=? SP=?  flags: N=? Z=? C=? V=?
ms: test_array_loop.c:35: lda _result
  regs: A=? X=? Y=? Z=? SP=?  flags: N=? Z=? C=? V=?
ms: test_array_loop.c:35: ldx _result+1
  regs: A=? X=? Y=? Z=? SP=?  flags: N=? Z=? C=? V=?
ms: test_array_loop.c:35: sta $22
  regs: A=? X=? Y=? Z=? SP=?  flags: N=? Z=? C=? V=?
ms: test_array_loop.c:35: stx $23
  regs: A=? X=? Y=? Z=? SP=?  flags: N=? Z=? C=? V=?
ms: test_array_loop.c:35: lda 3
  regs: A=$3 X=? Y=? Z=? SP=?  flags: N=0 Z=0 C=? V=?
ms: test_array_loop.c:35: ldx 0
  regs: A=$3 X=$0 Y=? Z=? SP=?  flags: N=0 Z=1 C=? V=?
ms: test_array_loop.c:35: sta $24
  regs: A=$3 X=$0 Y=? Z=? SP=?  flags: N=0 Z=1 C=? V=?
ms: test_array_loop.c:35: stx $25
  regs: A=$3 X=$0 Y=? Z=? SP=?  flags: N=0 Z=1 C=? V=?
ms: test_array_loop.c:35: lda $20
  regs: A=[$20] X=$0 Y=? Z=? SP=?  flags: N=? Z=? C=? V=?
ms: test_array_loop.c:35: pha 
  regs: A=[$20] X=$0 Y=? Z=? SP=?  flags: N=? Z=? C=? V=?
ms: test_array_loop.c:35: addr_elem.16 __zp_scratch
  regs: A=? X=? Y=? Z=? SP=?  flags: N=? Z=? C=? V=?
ms: test_array_loop.c:35: pla 
  regs: A=? X=? Y=? Z=? SP=?  flags: N=? Z=? C=? V=?
ms: test_array_loop.c:35: ldy 0
  regs: A=? X=? Y=$0 Z=? SP=?  flags: N=0 Z=1 C=? V=?
ms: test_array_loop.c:35: sta __zp_scratch
  regs: A=? X=? Y=$0 Z=? SP=?  flags: N=0 Z=1 C=? V=?
ms: test_array_loop.c:38: lda 2
  regs: A=$2 X=? Y=$0 Z=? SP=?  flags: N=0 Z=0 C=? V=?
ms: test_array_loop.c:38: ldx 0
  regs: A=$2 X=$0 Y=$0 Z=? SP=?  flags: N=0 Z=1 C=? V=?
ms: test_array_loop.c:38: sta $20
  regs: A=$2 X=$0 Y=$0 Z=? SP=?  flags: N=0 Z=1 C=? V=?
ms: test_array_loop.c:38: stx $21
  regs: A=$2 X=$0 Y=$0 Z=? SP=?  flags: N=0 Z=1 C=? V=?
ms: test_array_loop.c:38: addr_elem.16 EXPR
  regs: A=? X=? Y=$0 Z=? SP=?  flags: N=? Z=? C=? V=?
ms: test_array_loop.c:38: lda 3
  regs: A=$3 X=? Y=$0 Z=? SP=?  flags: N=0 Z=0 C=? V=?
ms: test_array_loop.c:38: ldx 0
  regs: A=$3 X=$0 Y=$0 Z=? SP=?  flags: N=0 Z=1 C=? V=?
ms: test_array_loop.c:38: sta $20
  regs: A=$3 X=$0 Y=$0 Z=? SP=?  flags: N=0 Z=1 C=? V=?
ms: test_array_loop.c:38: stx $21
  regs: A=$3 X=$0 Y=$0 Z=? SP=?  flags: N=0 Z=1 C=? V=?
ms: test_array_loop.c:38: addr_elem.16 __zp_scratch
  regs: A=? X=? Y=$0 Z=? SP=?  flags: N=? Z=? C=? V=?
ms: test_array_loop.c:38: lda __zp_scratch
  regs: A=? X=? Y=$0 Z=? SP=?  flags: N=? Z=? C=? V=?
ms: test_array_loop.c:38: pha 
  regs: A=? X=? Y=$0 Z=? SP=?  flags: N=? Z=? C=? V=?
ms: test_array_loop.c:38: iny 
  regs: A=? X=? Y=? Z=? SP=?  flags: N=? Z=? C=? V=?
ms: test_array_loop.c:38: lda __zp_scratch
  regs: A=? X=? Y=? Z=? SP=?  flags: N=? Z=? C=? V=?
ms: test_array_loop.c:38: tax 
  regs: A=? X==A Y=? Z=? SP=?  flags: N=? Z=? C=? V=?
ms: test_array_loop.c:38: pla 
  regs: A=? X=? Y=? Z=? SP=?  flags: N=? Z=? C=? V=?
ms: test_array_loop.c:38: sta $26
  regs: A=? X=? Y=? Z=? SP=?  flags: N=? Z=? C=? V=?
ms: test_array_loop.c:38: stx $27
  regs: A=? X=? Y=? Z=? SP=?  flags: N=? Z=? C=? V=?
ms: test_array_loop.c:38: sta $20
  regs: A=? X=? Y=? Z=? SP=?  flags: N=? Z=? C=? V=?
ms: test_array_loop.c:38: lda _result
  regs: A=? X=? Y=? Z=? SP=?  flags: N=? Z=? C=? V=?
ms: test_array_loop.c:38: ldx _result+1
  regs: A=? X=? Y=? Z=? SP=?  flags: N=? Z=? C=? V=?
ms: test_array_loop.c:38: sta $22
  regs: A=? X=? Y=? Z=? SP=?  flags: N=? Z=? C=? V=?
ms: test_array_loop.c:38: stx $23
  regs: A=? X=? Y=? Z=? SP=?  flags: N=? Z=? C=? V=?
ms: test_array_loop.c:38: lda 4
  regs: A=$4 X=? Y=? Z=? SP=?  flags: N=0 Z=0 C=? V=?
ms: test_array_loop.c:38: ldx 0
  regs: A=$4 X=$0 Y=? Z=? SP=?  flags: N=0 Z=1 C=? V=?
ms: test_array_loop.c:38: sta $24
  regs: A=$4 X=$0 Y=? Z=? SP=?  flags: N=0 Z=1 C=? V=?
ms: test_array_loop.c:38: stx $25
  regs: A=$4 X=$0 Y=? Z=? SP=?  flags: N=0 Z=1 C=? V=?
ms: test_array_loop.c:38: lda $20
  regs: A=[$20] X=$0 Y=? Z=? SP=?  flags: N=? Z=? C=? V=?
ms: test_array_loop.c:38: pha 
  regs: A=[$20] X=$0 Y=? Z=? SP=?  flags: N=? Z=? C=? V=?
ms: test_array_loop.c:38: addr_elem.16 __zp_scratch
  regs: A=? X=? Y=? Z=? SP=?  flags: N=? Z=? C=? V=?
ms: test_array_loop.c:38: pla 
  regs: A=? X=? Y=? Z=? SP=?  flags: N=? Z=? C=? V=?
ms: test_array_loop.c:38: ldy 0
  regs: A=? X=? Y=$0 Z=? SP=?  flags: N=0 Z=1 C=? V=?
ms: test_array_loop.c:38: sta __zp_scratch
  regs: A=? X=? Y=$0 Z=? SP=?  flags: N=0 Z=1 C=? V=?
ms: test_array_loop.c:41: lda 170
  regs: A=$aa X=? Y=$0 Z=? SP=?  flags: N=1 Z=0 C=? V=?
ms: test_array_loop.c:41: sta $20
  regs: A=$aa X=? Y=$0 Z=? SP=?  flags: N=1 Z=0 C=? V=?
ms: test_array_loop.c:41: lda _result
  regs: A=? X=? Y=$0 Z=? SP=?  flags: N=? Z=? C=? V=?
ms: test_array_loop.c:41: ldx _result+1
  regs: A=? X=? Y=$0 Z=? SP=?  flags: N=? Z=? C=? V=?
ms: test_array_loop.c:41: sta $22
  regs: A=? X=? Y=$0 Z=? SP=?  flags: N=? Z=? C=? V=?
ms: test_array_loop.c:41: stx $23
  regs: A=? X=? Y=$0 Z=? SP=?  flags: N=? Z=? C=? V=?
ms: test_array_loop.c:41: lda 5
  regs: A=$5 X=? Y=$0 Z=? SP=?  flags: N=0 Z=0 C=? V=?
ms: test_array_loop.c:41: ldx 0
  regs: A=$5 X=$0 Y=$0 Z=? SP=?  flags: N=0 Z=1 C=? V=?
ms: test_array_loop.c:41: sta $24
  regs: A=$5 X=$0 Y=$0 Z=? SP=?  flags: N=0 Z=1 C=? V=?
ms: test_array_loop.c:41: stx $25
  regs: A=$5 X=$0 Y=$0 Z=? SP=?  flags: N=0 Z=1 C=? V=?
ms: test_array_loop.c:41: lda $20
  regs: A=$aa X=$0 Y=$0 Z=? SP=?  flags: N=1 Z=0 C=? V=?
ms: test_array_loop.c:41: pha 
  regs: A=$aa X=$0 Y=$0 Z=? SP=?  flags: N=1 Z=0 C=? V=?
ms: test_array_loop.c:41: addr_elem.16 __zp_scratch
  regs: A=? X=? Y=$0 Z=? SP=?  flags: N=? Z=? C=? V=?
ms: test_array_loop.c:41: pla 
  regs: A=? X=? Y=$0 Z=? SP=?  flags: N=? Z=? C=? V=?
ms: test_array_loop.c:41: sta __zp_scratch
  regs: A=? X=? Y=$0 Z=? SP=?  flags: N=? Z=? C=? V=?
ms: test_array_loop.c:41: _main:@__return:
  regs: A=? X=? Y=? Z=? SP=?  flags: N=? Z=? C=? V=?
ms: test_array_loop.c:41: plz 
  regs: A=? X=? Y=? Z=? SP=?  flags: N=? Z=? C=? V=?
ms: test_array_loop.c:41: plz 
  regs: A=? X=? Y=? Z=? SP=?  flags: N=? Z=? C=? V=?
ms: test_array_loop.c:41: plz 
  regs: A=? X=? Y=? Z=? SP=?  flags: N=? Z=? C=? V=?
ms: test_array_loop.c:41: plz 
  regs: A=? X=? Y=? Z=? SP=?  flags: N=? Z=? C=? V=?
ms: test_array_loop.c:41: endproc 
  regs: A=? X=? Y=? Z=? SP=?  flags: N=? Z=? C=? V=?
ms: test_array_loop.c:41: __zp_save_buf:
  regs: A=? X=? Y=? Z=? SP=?  flags: N=? Z=? C=? V=?
